[3.869s] Invoking command in '/root/hand_reader/src/hand_reader': PYTHONPATH=/root/hand_reader/build/hand_reader/prefix_override:/usr/lib/python3/dist-packages/colcon_core/task/python/colcon_distutils_commands:/root/hand_reader/install/hand_reader/lib/python3.10/site-packages:${PYTHONPATH} /usr/bin/python3 -W ignore:setup.py install is deprecated -W ignore:easy_install command is deprecated setup.py egg_info --egg-base ../../build/hand_reader build --build-base /root/hand_reader/build/hand_reader/build install --record /root/hand_reader/build/hand_reader/install.log --single-version-externally-managed install_data
[5.350s] running egg_info
[5.354s] writing ../../build/hand_reader/hand_reader.egg-info/PKG-INFO
[5.355s] writing dependency_links to ../../build/hand_reader/hand_reader.egg-info/dependency_links.txt
[5.356s] writing entry points to ../../build/hand_reader/hand_reader.egg-info/entry_points.txt
[5.356s] writing requirements to ../../build/hand_reader/hand_reader.egg-info/requires.txt
[5.357s] writing top-level names to ../../build/hand_reader/hand_reader.egg-info/top_level.txt
[5.368s] reading manifest file '../../build/hand_reader/hand_reader.egg-info/SOURCES.txt'
[5.372s] writing manifest file '../../build/hand_reader/hand_reader.egg-info/SOURCES.txt'
[5.373s] running build
[5.373s] running build_py
[5.374s] running install
[5.376s] running install_lib
[5.383s] running install_data
[5.384s] copying package.xml -> /root/hand_reader/install/hand_reader/share/hand_reader
[5.384s] running install_egg_info
[5.394s] removing '/root/hand_reader/install/hand_reader/lib/python3.10/site-packages/hand_reader-0.0.0-py3.10.egg-info' (and everything under it)
[5.395s] Copying ../../build/hand_reader/hand_reader.egg-info to /root/hand_reader/install/hand_reader/lib/python3.10/site-packages/hand_reader-0.0.0-py3.10.egg-info
[5.399s] running install_scripts
[5.513s] Installing hand_reader script to /root/hand_reader/install/hand_reader/lib/hand_reader
[5.515s] writing list of installed files to '/root/hand_reader/build/hand_reader/install.log'
[5.719s] Invoked command in '/root/hand_reader/src/hand_reader' returned '0': PYTHONPATH=/root/hand_reader/build/hand_reader/prefix_override:/usr/lib/python3/dist-packages/colcon_core/task/python/colcon_distutils_commands:/root/hand_reader/install/hand_reader/lib/python3.10/site-packages:${PYTHONPATH} /usr/bin/python3 -W ignore:setup.py install is deprecated -W ignore:easy_install command is deprecated setup.py egg_info --egg-base ../../build/hand_reader build --build-base /root/hand_reader/build/hand_reader/build install --record /root/hand_reader/build/hand_reader/install.log --single-version-externally-managed install_data
