[4.380s] Invoking command in '/root/hand_reader/src/hand_reader': PYTHONPATH=/root/hand_reader/build/hand_reader/prefix_override:/usr/lib/python3/dist-packages/colcon_core/task/python/colcon_distutils_commands:/root/hand_reader/install/hand_reader/lib/python3.10/site-packages:${PYTHONPATH} /usr/bin/python3 -W ignore:setup.py install is deprecated -W ignore:easy_install command is deprecated setup.py egg_info --egg-base ../../build/hand_reader build --build-base /root/hand_reader/build/hand_reader/build install --record /root/hand_reader/build/hand_reader/install.log --single-version-externally-managed install_data
[6.022s] running egg_info
[6.027s] writing ../../build/hand_reader/hand_reader.egg-info/PKG-INFO
[6.028s] writing dependency_links to ../../build/hand_reader/hand_reader.egg-info/dependency_links.txt
[6.029s] writing entry points to ../../build/hand_reader/hand_reader.egg-info/entry_points.txt
[6.030s] writing requirements to ../../build/hand_reader/hand_reader.egg-info/requires.txt
[6.030s] writing top-level names to ../../build/hand_reader/hand_reader.egg-info/top_level.txt
[6.043s] reading manifest file '../../build/hand_reader/hand_reader.egg-info/SOURCES.txt'
[6.048s] writing manifest file '../../build/hand_reader/hand_reader.egg-info/SOURCES.txt'
[6.048s] running build
[6.049s] running build_py
[6.050s] copying hand_reader/hand_reader_node.py -> /root/hand_reader/build/hand_reader/build/lib/hand_reader
[6.050s] running install
[6.052s] running install_lib
[6.056s] copying /root/hand_reader/build/hand_reader/build/lib/hand_reader/hand_reader_node.py -> /root/hand_reader/install/hand_reader/lib/python3.10/site-packages/hand_reader
[6.061s] byte-compiling /root/hand_reader/install/hand_reader/lib/python3.10/site-packages/hand_reader/hand_reader_node.py to hand_reader_node.cpython-310.pyc
[6.064s] running install_data
[6.065s] running install_egg_info
[6.076s] removing '/root/hand_reader/install/hand_reader/lib/python3.10/site-packages/hand_reader-0.0.0-py3.10.egg-info' (and everything under it)
[6.077s] Copying ../../build/hand_reader/hand_reader.egg-info to /root/hand_reader/install/hand_reader/lib/python3.10/site-packages/hand_reader-0.0.0-py3.10.egg-info
[6.081s] running install_scripts
[6.208s] Installing hand_reader script to /root/hand_reader/install/hand_reader/lib/hand_reader
[6.210s] writing list of installed files to '/root/hand_reader/build/hand_reader/install.log'
[6.433s] Invoked command in '/root/hand_reader/src/hand_reader' returned '0': PYTHONPATH=/root/hand_reader/build/hand_reader/prefix_override:/usr/lib/python3/dist-packages/colcon_core/task/python/colcon_distutils_commands:/root/hand_reader/install/hand_reader/lib/python3.10/site-packages:${PYTHONPATH} /usr/bin/python3 -W ignore:setup.py install is deprecated -W ignore:easy_install command is deprecated setup.py egg_info --egg-base ../../build/hand_reader build --build-base /root/hand_reader/build/hand_reader/build install --record /root/hand_reader/build/hand_reader/install.log --single-version-externally-managed install_data
