running develop
running egg_info
creating hand_reader.egg-info
writing hand_reader.egg-info/PKG-INFO
writing dependency_links to hand_reader.egg-info/dependency_links.txt
writing entry points to hand_reader.egg-info/entry_points.txt
writing requirements to hand_reader.egg-info/requires.txt
writing top-level names to hand_reader.egg-info/top_level.txt
writing manifest file 'hand_reader.egg-info/SOURCES.txt'
reading manifest file 'hand_reader.egg-info/SOURCES.txt'
writing manifest file 'hand_reader.egg-info/SOURCES.txt'
running build_ext
Creating /root/hand_reader/install/hand_reader/lib/python3.10/site-packages/hand-reader.egg-link (link to .)
Installing hand_reader script to /root/hand_reader/install/hand_reader/lib/hand_reader

Installed /root/hand_reader/build/hand_reader
running symlink_data
creating /root/hand_reader/install/hand_reader/share/ament_index
creating /root/hand_reader/install/hand_reader/share/ament_index/resource_index
creating /root/hand_reader/install/hand_reader/share/ament_index/resource_index/packages
symbolically linking /root/hand_reader/build/hand_reader/resource/hand_reader -> /root/hand_reader/install/hand_reader/share/ament_index/resource_index/packages
symbolically linking /root/hand_reader/build/hand_reader/package.xml -> /root/hand_reader/install/hand_reader/share/hand_reader
