[4.079s] Invoking command in '/root/hand_reader/build/hand_reader': PYTHONPATH=/root/hand_reader/build/hand_reader/prefix_override:/usr/lib/python3/dist-packages/colcon_core/task/python/colcon_distutils_commands:/root/hand_reader/install/hand_reader/lib/python3.10/site-packages:${PYTHONPATH} /usr/bin/python3 -W ignore:setup.py install is deprecated -W ignore:easy_install command is deprecated setup.py develop --editable --build-directory /root/hand_reader/build/hand_reader/build --no-deps symlink_data
[5.667s] running develop
[6.599s] running egg_info
[6.600s] creating hand_reader.egg-info
[6.600s] writing hand_reader.egg-info/PKG-INFO
[6.601s] writing dependency_links to hand_reader.egg-info/dependency_links.txt
[6.602s] writing entry points to hand_reader.egg-info/entry_points.txt
[6.603s] writing requirements to hand_reader.egg-info/requires.txt
[6.603s] writing top-level names to hand_reader.egg-info/top_level.txt
[6.604s] writing manifest file 'hand_reader.egg-info/SOURCES.txt'
[6.613s] reading manifest file 'hand_reader.egg-info/SOURCES.txt'
[6.616s] writing manifest file 'hand_reader.egg-info/SOURCES.txt'
[6.624s] running build_ext
[6.625s] Creating /root/hand_reader/install/hand_reader/lib/python3.10/site-packages/hand-reader.egg-link (link to .)
[6.629s] Installing hand_reader script to /root/hand_reader/install/hand_reader/lib/hand_reader
[6.630s] 
[6.631s] Installed /root/hand_reader/build/hand_reader
[6.632s] running symlink_data
[6.632s] creating /root/hand_reader/install/hand_reader/share/ament_index
[6.632s] creating /root/hand_reader/install/hand_reader/share/ament_index/resource_index
[6.633s] creating /root/hand_reader/install/hand_reader/share/ament_index/resource_index/packages
[6.633s] symbolically linking /root/hand_reader/build/hand_reader/resource/hand_reader -> /root/hand_reader/install/hand_reader/share/ament_index/resource_index/packages
[6.634s] symbolically linking /root/hand_reader/build/hand_reader/package.xml -> /root/hand_reader/install/hand_reader/share/hand_reader
[6.871s] Invoked command in '/root/hand_reader/build/hand_reader' returned '0': PYTHONPATH=/root/hand_reader/build/hand_reader/prefix_override:/usr/lib/python3/dist-packages/colcon_core/task/python/colcon_distutils_commands:/root/hand_reader/install/hand_reader/lib/python3.10/site-packages:${PYTHONPATH} /usr/bin/python3 -W ignore:setup.py install is deprecated -W ignore:easy_install command is deprecated setup.py develop --editable --build-directory /root/hand_reader/build/hand_reader/build --no-deps symlink_data
