[4.346s] Invoking command in '/home/sunrise/doraemon/src/face_rec': PYTHONPATH=/home/sunrise/doraemon/build/face_rec/prefix_override:/usr/lib/python3/dist-packages/colcon_core/task/python/colcon_distutils_commands:/home/sunrise/doraemon/install/face_rec/lib/python3.10/site-packages:${PYTHONPATH} /usr/bin/python3 -W ignore:setup.py install is deprecated setup.py egg_info --egg-base ../../build/face_rec build --build-base /home/sunrise/doraemon/build/face_rec/build install --record /home/sunrise/doraemon/build/face_rec/install.log --single-version-externally-managed install_data
[5.938s] running egg_info
[5.942s] writing ../../build/face_rec/face_rec.egg-info/PKG-INFO
[5.943s] writing dependency_links to ../../build/face_rec/face_rec.egg-info/dependency_links.txt
[5.944s] writing entry points to ../../build/face_rec/face_rec.egg-info/entry_points.txt
[5.945s] writing requirements to ../../build/face_rec/face_rec.egg-info/requires.txt
[5.945s] writing top-level names to ../../build/face_rec/face_rec.egg-info/top_level.txt
[5.959s] reading manifest file '../../build/face_rec/face_rec.egg-info/SOURCES.txt'
[5.970s] writing manifest file '../../build/face_rec/face_rec.egg-info/SOURCES.txt'
[5.971s] running build
[5.971s] running build_py
[5.973s] running install
[5.975s] running install_lib
[5.983s] running install_data
[5.993s] running install_egg_info
[6.003s] removing '/home/sunrise/doraemon/install/face_rec/lib/python3.10/site-packages/face_rec-0.0.0-py3.10.egg-info' (and everything under it)
[6.004s] Copying ../../build/face_rec/face_rec.egg-info to /home/sunrise/doraemon/install/face_rec/lib/python3.10/site-packages/face_rec-0.0.0-py3.10.egg-info
[6.008s] running install_scripts
[6.132s] Installing face_dataset_node script to /home/sunrise/doraemon/install/face_rec/lib/FaceRec
[6.133s] Installing face_recognition_node script to /home/sunrise/doraemon/install/face_rec/lib/FaceRec
[6.134s] Installing face_training_node script to /home/sunrise/doraemon/install/face_rec/lib/FaceRec
[6.136s] writing list of installed files to '/home/sunrise/doraemon/build/face_rec/install.log'
[6.356s] Invoked command in '/home/sunrise/doraemon/src/face_rec' returned '0': PYTHONPATH=/home/sunrise/doraemon/build/face_rec/prefix_override:/usr/lib/python3/dist-packages/colcon_core/task/python/colcon_distutils_commands:/home/sunrise/doraemon/install/face_rec/lib/python3.10/site-packages:${PYTHONPATH} /usr/bin/python3 -W ignore:setup.py install is deprecated setup.py egg_info --egg-base ../../build/face_rec build --build-base /home/sunrise/doraemon/build/face_rec/build install --record /home/sunrise/doraemon/build/face_rec/install.log --single-version-externally-managed install_data
