[1.986s] DEBUG:colcon:Command line arguments: ['/usr/bin/colcon', 'build']
[1.987s] DEBUG:colcon:Parsed command line arguments: Namespace(log_base=None, log_level=None, verb_name='build', build_base='build', install_base='install', merge_install=False, symlink_install=False, test_result_base=None, continue_on_error=False, executor='parallel', parallel_workers=8, event_handlers=None, ignore_user_meta=False, metas=['./colcon.meta'], base_paths=['.'], packages_ignore=None, packages_ignore_regex=None, paths=None, packages_up_to=None, packages_up_to_regex=None, packages_above=None, packages_above_and_dependencies=None, packages_above_depth=None, packages_select_by_dep=None, packages_skip_by_dep=None, packages_skip_up_to=None, packages_select_build_failed=False, packages_skip_build_finished=False, packages_select_test_failures=False, packages_skip_test_passed=False, packages_select=None, packages_skip=None, packages_select_regex=None, packages_skip_regex=None, packages_start=None, packages_end=None, allow_overriding=[], bazel_args=None, bazel_task=None, cmake_args=None, cmake_target=None, cmake_target_skip_unavailable=False, cmake_clean_cache=False, cmake_clean_first=False, cmake_force_configure=False, meson_args=[], ament_cmake_args=None, catkin_cmake_args=None, catkin_skip_building_tests=False, mixin_files=None, mixin=None, verb_parser=<colcon_alias.argument_parser.alias.AliasArgumentDecorator object at 0xffff87de0cd0>, verb_extension=<colcon_core.verb.build.BuildVerb object at 0xffff87fcfee0>, main=<bound method BuildVerb.main of <colcon_core.verb.build.BuildVerb object at 0xffff87fcfee0>>, mixin_verb=('build',))
[3.560s] Level 1:colcon.colcon_core.package_discovery:discover_packages(colcon_meta) check parameters
[3.561s] Level 1:colcon.colcon_core.package_discovery:discover_packages(recursive) check parameters
[3.561s] Level 1:colcon.colcon_core.package_discovery:discover_packages(ignore) check parameters
[3.561s] Level 1:colcon.colcon_core.package_discovery:discover_packages(path) check parameters
[3.561s] Level 1:colcon.colcon_core.package_discovery:discover_packages(colcon_meta) discover
[3.562s] Level 1:colcon.colcon_core.package_discovery:discover_packages(recursive) discover
[3.562s] INFO:colcon.colcon_core.package_discovery:Crawling recursively for packages in '/root/face_ws/F2'
[3.563s] Level 1:colcon.colcon_core.package_identification:_identify(.) by extensions ['ignore', 'ignore_ament_install']
[3.563s] Level 1:colcon.colcon_core.package_identification:_identify(.) by extension 'ignore'
[3.563s] Level 1:colcon.colcon_core.package_identification:_identify(.) by extension 'ignore_ament_install'
[3.564s] Level 1:colcon.colcon_core.package_identification:_identify(.) by extensions ['colcon_pkg']
[3.564s] Level 1:colcon.colcon_core.package_identification:_identify(.) by extension 'colcon_pkg'
[3.564s] Level 1:colcon.colcon_core.package_identification:_identify(.) by extensions ['colcon_meta']
[3.564s] Level 1:colcon.colcon_core.package_identification:_identify(.) by extension 'colcon_meta'
[3.565s] Level 1:colcon.colcon_core.package_identification:_identify(.) by extensions ['ros']
[3.565s] Level 1:colcon.colcon_core.package_identification:_identify(.) by extension 'ros'
[3.588s] Level 1:colcon.colcon_core.package_identification:_identify(.) by extensions ['bazel', 'cmake', 'meson', 'python']
[3.588s] Level 1:colcon.colcon_core.package_identification:_identify(.) by extension 'bazel'
[3.589s] Level 1:colcon.colcon_core.package_identification:_identify(.) by extension 'cmake'
[3.589s] Level 1:colcon.colcon_core.package_identification:_identify(.) by extension 'meson'
[3.589s] Level 1:colcon.colcon_core.package_identification:_identify(.) by extension 'python'
[3.590s] Level 1:colcon.colcon_core.package_identification:_identify(.) by extensions ['python_setup_py']
[3.590s] Level 1:colcon.colcon_core.package_identification:_identify(.) by extension 'python_setup_py'
[3.591s] Level 1:colcon.colcon_core.package_identification:_identify(build) by extensions ['ignore', 'ignore_ament_install']
[3.591s] Level 1:colcon.colcon_core.package_identification:_identify(build) by extension 'ignore'
[3.591s] Level 1:colcon.colcon_core.package_identification:_identify(build) ignored
[3.592s] Level 1:colcon.colcon_core.package_identification:_identify(install) by extensions ['ignore', 'ignore_ament_install']
[3.592s] Level 1:colcon.colcon_core.package_identification:_identify(install) by extension 'ignore'
[3.593s] Level 1:colcon.colcon_core.package_identification:_identify(install) ignored
[3.593s] Level 1:colcon.colcon_core.package_identification:_identify(log) by extensions ['ignore', 'ignore_ament_install']
[3.593s] Level 1:colcon.colcon_core.package_identification:_identify(log) by extension 'ignore'
[3.594s] Level 1:colcon.colcon_core.package_identification:_identify(log) ignored
[3.594s] Level 1:colcon.colcon_core.package_identification:_identify(model) by extensions ['ignore', 'ignore_ament_install']
[3.595s] Level 1:colcon.colcon_core.package_identification:_identify(model) by extension 'ignore'
[3.595s] Level 1:colcon.colcon_core.package_identification:_identify(model) by extension 'ignore_ament_install'
[3.595s] Level 1:colcon.colcon_core.package_identification:_identify(model) by extensions ['colcon_pkg']
[3.595s] Level 1:colcon.colcon_core.package_identification:_identify(model) by extension 'colcon_pkg'
[3.596s] Level 1:colcon.colcon_core.package_identification:_identify(model) by extensions ['colcon_meta']
[3.596s] Level 1:colcon.colcon_core.package_identification:_identify(model) by extension 'colcon_meta'
[3.596s] Level 1:colcon.colcon_core.package_identification:_identify(model) by extensions ['ros']
[3.596s] Level 1:colcon.colcon_core.package_identification:_identify(model) by extension 'ros'
[3.597s] Level 1:colcon.colcon_core.package_identification:_identify(model) by extensions ['bazel', 'cmake', 'meson', 'python']
[3.597s] Level 1:colcon.colcon_core.package_identification:_identify(model) by extension 'bazel'
[3.597s] Level 1:colcon.colcon_core.package_identification:_identify(model) by extension 'cmake'
[3.598s] Level 1:colcon.colcon_core.package_identification:_identify(model) by extension 'meson'
[3.598s] Level 1:colcon.colcon_core.package_identification:_identify(model) by extension 'python'
[3.598s] Level 1:colcon.colcon_core.package_identification:_identify(model) by extensions ['python_setup_py']
[3.598s] Level 1:colcon.colcon_core.package_identification:_identify(model) by extension 'python_setup_py'
[3.599s] Level 1:colcon.colcon_core.package_identification:_identify(model/dataset) by extensions ['ignore', 'ignore_ament_install']
[3.599s] Level 1:colcon.colcon_core.package_identification:_identify(model/dataset) by extension 'ignore'
[3.600s] Level 1:colcon.colcon_core.package_identification:_identify(model/dataset) by extension 'ignore_ament_install'
[3.600s] Level 1:colcon.colcon_core.package_identification:_identify(model/dataset) by extensions ['colcon_pkg']
[3.600s] Level 1:colcon.colcon_core.package_identification:_identify(model/dataset) by extension 'colcon_pkg'
[3.600s] Level 1:colcon.colcon_core.package_identification:_identify(model/dataset) by extensions ['colcon_meta']
[3.601s] Level 1:colcon.colcon_core.package_identification:_identify(model/dataset) by extension 'colcon_meta'
[3.601s] Level 1:colcon.colcon_core.package_identification:_identify(model/dataset) by extensions ['ros']
[3.601s] Level 1:colcon.colcon_core.package_identification:_identify(model/dataset) by extension 'ros'
[3.602s] Level 1:colcon.colcon_core.package_identification:_identify(model/dataset) by extensions ['bazel', 'cmake', 'meson', 'python']
[3.602s] Level 1:colcon.colcon_core.package_identification:_identify(model/dataset) by extension 'bazel'
[3.602s] Level 1:colcon.colcon_core.package_identification:_identify(model/dataset) by extension 'cmake'
[3.602s] Level 1:colcon.colcon_core.package_identification:_identify(model/dataset) by extension 'meson'
[3.603s] Level 1:colcon.colcon_core.package_identification:_identify(model/dataset) by extension 'python'
[3.603s] Level 1:colcon.colcon_core.package_identification:_identify(model/dataset) by extensions ['python_setup_py']
[3.603s] Level 1:colcon.colcon_core.package_identification:_identify(model/dataset) by extension 'python_setup_py'
[3.603s] Level 1:colcon.colcon_core.package_discovery:discover_packages(recursive) using defaults
[3.604s] Level 1:colcon.colcon_core.package_discovery:discover_packages(ignore) discover
[3.604s] Level 1:colcon.colcon_core.package_discovery:discover_packages(ignore) using defaults
[3.604s] Level 1:colcon.colcon_core.package_discovery:discover_packages(path) discover
[3.604s] Level 1:colcon.colcon_core.package_discovery:discover_packages(path) using defaults
[3.711s] Level 1:colcon.colcon_core.package_discovery:discover_packages(prefix_path) check parameters
[3.712s] Level 1:colcon.colcon_core.package_discovery:discover_packages(prefix_path) discover
[3.731s] DEBUG:colcon.colcon_installed_package_information.package_discovery:Found 15 installed packages in /userdata/dev_ws/install
[3.735s] DEBUG:colcon.colcon_installed_package_information.package_discovery:Found 55 installed packages in /opt/tros/humble
[3.746s] DEBUG:colcon.colcon_installed_package_information.package_discovery:Found 266 installed packages in /opt/ros/humble
[3.757s] Level 1:colcon.colcon_core.package_discovery:discover_packages(prefix_path) using defaults
[4.047s] INFO:colcon.colcon_core.executor:Executing jobs using 'parallel' executor
[4.052s] DEBUG:colcon.colcon_parallel_executor.executor.parallel:run_until_complete
[4.053s] DEBUG:colcon.colcon_parallel_executor.executor.parallel:closing loop
[4.054s] DEBUG:colcon.colcon_parallel_executor.executor.parallel:loop closed
[4.054s] DEBUG:colcon.colcon_parallel_executor.executor.parallel:run_until_complete finished with '0'
[4.054s] DEBUG:colcon.colcon_core.event_reactor:joining thread
[4.090s] INFO:colcon.colcon_core.plugin_system:Skipping extension 'colcon_notification.desktop_notification.notify_send': Could not find 'notify-send'
[4.090s] INFO:colcon.colcon_core.plugin_system:Skipping extension 'colcon_notification.desktop_notification.terminal_notifier': Not used on non-Darwin systems
[4.090s] INFO:colcon.colcon_core.plugin_system:Skipping extension 'colcon_notification.desktop_notification.win32': Not used on non-Windows systems
[4.091s] INFO:colcon.colcon_notification.desktop_notification:Sending desktop notification using 'notify2'
[29.205s] DEBUG:colcon.colcon_notification.desktop_notification.notify2:Failed to initialize notify2: org.freedesktop.DBus.Error.NoReply: Did not receive a reply. Possible causes include: the remote application did not send a reply, the message bus security policy blocked the reply, the reply timeout expired, or the network connection was broken.
[29.206s] DEBUG:colcon.colcon_core.event_reactor:joined thread
[29.243s] INFO:colcon.colcon_core.plugin_system:Skipping extension 'colcon_core.shell.bat': Not used on non-Windows systems
[29.244s] INFO:colcon.colcon_core.shell:Creating prefix script '/root/face_ws/F2/install/local_setup.ps1'
[29.253s] INFO:colcon.colcon_core.shell:Creating prefix util module '/root/face_ws/F2/install/_local_setup_util_ps1.py'
[29.263s] INFO:colcon.colcon_core.shell:Creating prefix chain script '/root/face_ws/F2/install/setup.ps1'
[29.274s] INFO:colcon.colcon_core.shell:Creating prefix script '/root/face_ws/F2/install/local_setup.sh'
[29.277s] INFO:colcon.colcon_core.shell:Creating prefix util module '/root/face_ws/F2/install/_local_setup_util_sh.py'
[29.280s] INFO:colcon.colcon_core.shell:Creating prefix chain script '/root/face_ws/F2/install/setup.sh'
[29.291s] INFO:colcon.colcon_core.shell:Creating prefix script '/root/face_ws/F2/install/local_setup.bash'
[29.296s] INFO:colcon.colcon_core.shell:Creating prefix chain script '/root/face_ws/F2/install/setup.bash'
[29.306s] INFO:colcon.colcon_core.shell:Creating prefix script '/root/face_ws/F2/install/local_setup.zsh'
[29.310s] INFO:colcon.colcon_core.shell:Creating prefix chain script '/root/face_ws/F2/install/setup.zsh'
[29.319s] INFO:colcon.colcon_core.shell:Creating '/root/face_ws/F2/install/spawn_shell.bash'
