[3.883s] Invoking command in '/home/sunrise/doraemon/src/face_rec': PYTHONPATH=/home/sunrise/doraemon/build/face_rec/prefix_override:/usr/lib/python3/dist-packages/colcon_core/task/python/colcon_distutils_commands:/home/sunrise/doraemon/install/face_rec/lib/python3.10/site-packages:${PYTHONPATH} /usr/bin/python3 -W ignore:setup.py install is deprecated setup.py egg_info --egg-base ../../build/face_rec build --build-base /home/sunrise/doraemon/build/face_rec/build install --record /home/sunrise/doraemon/build/face_rec/install.log --single-version-externally-managed install_data
[5.375s] running egg_info
[5.378s] writing ../../build/face_rec/face_rec.egg-info/PKG-INFO
[5.379s] writing dependency_links to ../../build/face_rec/face_rec.egg-info/dependency_links.txt
[5.380s] writing entry points to ../../build/face_rec/face_rec.egg-info/entry_points.txt
[5.381s] writing requirements to ../../build/face_rec/face_rec.egg-info/requires.txt
[5.381s] writing top-level names to ../../build/face_rec/face_rec.egg-info/top_level.txt
[5.394s] reading manifest file '../../build/face_rec/face_rec.egg-info/SOURCES.txt'
[5.404s] writing manifest file '../../build/face_rec/face_rec.egg-info/SOURCES.txt'
[5.405s] running build
[5.405s] running build_py
[5.406s] copying face_rec/face_training_node.py -> /home/sunrise/doraemon/build/face_rec/build/lib/face_rec
[5.407s] running install
[5.409s] running install_lib
[5.413s] copying /home/sunrise/doraemon/build/face_rec/build/lib/face_rec/face_training_node.py -> /home/sunrise/doraemon/install/face_rec/lib/python3.10/site-packages/face_rec
[5.416s] byte-compiling /home/sunrise/doraemon/install/face_rec/lib/python3.10/site-packages/face_rec/face_training_node.py to face_training_node.cpython-310.pyc
[5.418s] Sorry: IndentationError: unexpected indent (face_training_node.py, line 32)
[5.418s] running install_data
[5.428s] running install_egg_info
[5.438s] removing '/home/sunrise/doraemon/install/face_rec/lib/python3.10/site-packages/face_rec-0.0.0-py3.10.egg-info' (and everything under it)
[5.439s] Copying ../../build/face_rec/face_rec.egg-info to /home/sunrise/doraemon/install/face_rec/lib/python3.10/site-packages/face_rec-0.0.0-py3.10.egg-info
[5.443s] running install_scripts
[5.559s] Installing face_dataset_node script to /home/sunrise/doraemon/install/face_rec/lib/FaceRec
[5.559s] Installing face_recognition_node script to /home/sunrise/doraemon/install/face_rec/lib/FaceRec
[5.560s] Installing face_training_node script to /home/sunrise/doraemon/install/face_rec/lib/FaceRec
[5.562s] writing list of installed files to '/home/sunrise/doraemon/build/face_rec/install.log'
[5.765s] Invoked command in '/home/sunrise/doraemon/src/face_rec' returned '0': PYTHONPATH=/home/sunrise/doraemon/build/face_rec/prefix_override:/usr/lib/python3/dist-packages/colcon_core/task/python/colcon_distutils_commands:/home/sunrise/doraemon/install/face_rec/lib/python3.10/site-packages:${PYTHONPATH} /usr/bin/python3 -W ignore:setup.py install is deprecated setup.py egg_info --egg-base ../../build/face_rec build --build-base /home/sunrise/doraemon/build/face_rec/build install --record /home/sunrise/doraemon/build/face_rec/install.log --single-version-externally-managed install_data
