/home/sunrise/doraemon/install/face_rec/lib/python3.10/site-packages/face_rec/face_training_node.py
/home/sunrise/doraemon/install/face_rec/lib/python3.10/site-packages/face_rec/face_recognition_node.py
/home/sunrise/doraemon/install/face_rec/lib/python3.10/site-packages/face_rec/face_dataset_node.py
/home/sunrise/doraemon/install/face_rec/lib/python3.10/site-packages/face_rec/__init__.py
/home/sunrise/doraemon/install/face_rec/lib/python3.10/site-packages/face_rec/__pycache__/face_training_node.cpython-310.pyc
/home/sunrise/doraemon/install/face_rec/lib/python3.10/site-packages/face_rec/__pycache__/face_recognition_node.cpython-310.pyc
/home/sunrise/doraemon/install/face_rec/lib/python3.10/site-packages/face_rec/__pycache__/face_dataset_node.cpython-310.pyc
/home/sunrise/doraemon/install/face_rec/lib/python3.10/site-packages/face_rec/__pycache__/__init__.cpython-310.pyc
/home/sunrise/doraemon/install/face_rec/share/face_rec/haarcascade_frontalface_default.xml
/home/sunrise/doraemon/install/face_rec/share/face_rec/trainer/trainer.yml
/home/sunrise/doraemon/install/face_rec/share/face_rec/dataset/User.1.17.jpg
/home/sunrise/doraemon/install/face_rec/share/face_rec/dataset/User.1.18.jpg
/home/sunrise/doraemon/install/face_rec/share/face_rec/dataset/User.2.1.jpg
/home/sunrise/doraemon/install/face_rec/share/face_rec/dataset/User.2.11.jpg
/home/sunrise/doraemon/install/face_rec/share/face_rec/dataset/User.1.2.jpg
/home/sunrise/doraemon/install/face_rec/share/face_rec/dataset/User.2.16.jpg
/home/sunrise/doraemon/install/face_rec/share/face_rec/dataset/User.1.3.jpg
/home/sunrise/doraemon/install/face_rec/share/face_rec/dataset/User.1.28.jpg
/home/sunrise/doraemon/install/face_rec/share/face_rec/dataset/User.2.14.jpg
/home/sunrise/doraemon/install/face_rec/share/face_rec/dataset/User.1.13.jpg
/home/sunrise/doraemon/install/face_rec/share/face_rec/dataset/User.1.25.jpg
/home/sunrise/doraemon/install/face_rec/share/face_rec/dataset/User.2.10.jpg
/home/sunrise/doraemon/install/face_rec/share/face_rec/dataset/User.2.8.jpg
/home/sunrise/doraemon/install/face_rec/share/face_rec/dataset/User.1.30.jpg
/home/sunrise/doraemon/install/face_rec/share/face_rec/dataset/User.2.27.jpg
/home/sunrise/doraemon/install/face_rec/share/face_rec/dataset/User.2.6.jpg
/home/sunrise/doraemon/install/face_rec/share/face_rec/dataset/User.2.18.jpg
/home/sunrise/doraemon/install/face_rec/share/face_rec/dataset/User.2.30.jpg
/home/sunrise/doraemon/install/face_rec/share/face_rec/dataset/User.2.2.jpg
/home/sunrise/doraemon/install/face_rec/share/face_rec/dataset/User.2.12.jpg
/home/sunrise/doraemon/install/face_rec/share/face_rec/dataset/User.1.24.jpg
/home/sunrise/doraemon/install/face_rec/share/face_rec/dataset/User.1.15.jpg
/home/sunrise/doraemon/install/face_rec/share/face_rec/dataset/User.2.28.jpg
/home/sunrise/doraemon/install/face_rec/share/face_rec/dataset/User.2.17.jpg
/home/sunrise/doraemon/install/face_rec/share/face_rec/dataset/User.1.27.jpg
/home/sunrise/doraemon/install/face_rec/share/face_rec/dataset/User.1.6.jpg
/home/sunrise/doraemon/install/face_rec/share/face_rec/dataset/User.1.9.jpg
/home/sunrise/doraemon/install/face_rec/share/face_rec/dataset/User.1.12.jpg
/home/sunrise/doraemon/install/face_rec/share/face_rec/dataset/User.1.11.jpg
/home/sunrise/doraemon/install/face_rec/share/face_rec/dataset/User.2.23.jpg
/home/sunrise/doraemon/install/face_rec/share/face_rec/dataset/User.1.5.jpg
/home/sunrise/doraemon/install/face_rec/share/face_rec/dataset/User.2.21.jpg
/home/sunrise/doraemon/install/face_rec/share/face_rec/dataset/User.1.16.jpg
/home/sunrise/doraemon/install/face_rec/share/face_rec/dataset/User.1.29.jpg
/home/sunrise/doraemon/install/face_rec/share/face_rec/dataset/User.1.4.jpg
/home/sunrise/doraemon/install/face_rec/share/face_rec/dataset/User.1.10.jpg
/home/sunrise/doraemon/install/face_rec/share/face_rec/dataset/User.2.4.jpg
/home/sunrise/doraemon/install/face_rec/share/face_rec/dataset/User.1.21.jpg
/home/sunrise/doraemon/install/face_rec/share/face_rec/dataset/User.2.7.jpg
/home/sunrise/doraemon/install/face_rec/share/face_rec/dataset/User.1.20.jpg
/home/sunrise/doraemon/install/face_rec/share/face_rec/dataset/User.2.24.jpg
/home/sunrise/doraemon/install/face_rec/share/face_rec/dataset/User.1.8.jpg
/home/sunrise/doraemon/install/face_rec/share/face_rec/dataset/User.2.29.jpg
/home/sunrise/doraemon/install/face_rec/share/face_rec/dataset/User.2.25.jpg
/home/sunrise/doraemon/install/face_rec/share/face_rec/dataset/User.2.20.jpg
/home/sunrise/doraemon/install/face_rec/share/face_rec/dataset/User.2.19.jpg
/home/sunrise/doraemon/install/face_rec/share/face_rec/dataset/User.2.3.jpg
/home/sunrise/doraemon/install/face_rec/share/face_rec/dataset/User.1.1.jpg
/home/sunrise/doraemon/install/face_rec/share/face_rec/dataset/User.1.14.jpg
/home/sunrise/doraemon/install/face_rec/share/face_rec/dataset/User.2.13.jpg
/home/sunrise/doraemon/install/face_rec/share/face_rec/dataset/User.1.26.jpg
/home/sunrise/doraemon/install/face_rec/share/face_rec/dataset/User.2.5.jpg
/home/sunrise/doraemon/install/face_rec/share/face_rec/dataset/User.2.9.jpg
/home/sunrise/doraemon/install/face_rec/share/face_rec/dataset/User.1.22.jpg
/home/sunrise/doraemon/install/face_rec/share/face_rec/dataset/User.1.19.jpg
/home/sunrise/doraemon/install/face_rec/share/face_rec/dataset/User.2.26.jpg
/home/sunrise/doraemon/install/face_rec/share/face_rec/dataset/User.2.22.jpg
/home/sunrise/doraemon/install/face_rec/share/face_rec/dataset/User.1.7.jpg
/home/sunrise/doraemon/install/face_rec/share/face_rec/dataset/User.1.23.jpg
/home/sunrise/doraemon/install/face_rec/share/face_rec/dataset/User.2.15.jpg
/home/sunrise/doraemon/install/face_rec/share/ament_index/resource_index/packages/FaceRec
/home/sunrise/doraemon/install/face_rec/share/face_rec/launch/face_launch.py
/home/sunrise/doraemon/install/face_rec/lib/python3.10/site-packages/face_rec-0.0.0-py3.10.egg-info/PKG-INFO
/home/sunrise/doraemon/install/face_rec/lib/python3.10/site-packages/face_rec-0.0.0-py3.10.egg-info/top_level.txt
/home/sunrise/doraemon/install/face_rec/lib/python3.10/site-packages/face_rec-0.0.0-py3.10.egg-info/requires.txt
/home/sunrise/doraemon/install/face_rec/lib/python3.10/site-packages/face_rec-0.0.0-py3.10.egg-info/entry_points.txt
/home/sunrise/doraemon/install/face_rec/lib/python3.10/site-packages/face_rec-0.0.0-py3.10.egg-info/SOURCES.txt
/home/sunrise/doraemon/install/face_rec/lib/python3.10/site-packages/face_rec-0.0.0-py3.10.egg-info/dependency_links.txt
/home/sunrise/doraemon/install/face_rec/lib/FaceRec/face_dataset_node
/home/sunrise/doraemon/install/face_rec/lib/FaceRec/face_recognition_node
/home/sunrise/doraemon/install/face_rec/lib/FaceRec/face_training_node
