[1.788s] DEBUG:colcon:Command line arguments: ['/usr/bin/colcon', 'build']
[1.788s] DEBUG:colcon:Parsed command line arguments: Namespace(log_base=None, log_level=None, verb_name='build', build_base='build', install_base='install', merge_install=False, symlink_install=False, test_result_base=None, continue_on_error=False, executor='parallel', parallel_workers=8, event_handlers=None, ignore_user_meta=False, metas=['./colcon.meta'], base_paths=['.'], packages_ignore=None, packages_ignore_regex=None, paths=None, packages_up_to=None, packages_up_to_regex=None, packages_above=None, packages_above_and_dependencies=None, packages_above_depth=None, packages_select_by_dep=None, packages_skip_by_dep=None, packages_skip_up_to=None, packages_select_build_failed=False, packages_skip_build_finished=False, packages_select_test_failures=False, packages_skip_test_passed=False, packages_select=None, packages_skip=None, packages_select_regex=None, packages_skip_regex=None, packages_start=None, packages_end=None, allow_overriding=[], bazel_args=None, bazel_task=None, cmake_args=None, cmake_target=None, cmake_target_skip_unavailable=False, cmake_clean_cache=False, cmake_clean_first=False, cmake_force_configure=False, meson_args=[], ament_cmake_args=None, catkin_cmake_args=None, catkin_skip_building_tests=False, mixin_files=None, mixin=None, verb_parser=<colcon_alias.argument_parser.alias.AliasArgumentDecorator object at 0xffff92b90fd0>, verb_extension=<colcon_core.verb.build.BuildVerb object at 0xffff92b90220>, main=<bound method BuildVerb.main of <colcon_core.verb.build.BuildVerb object at 0xffff92b90220>>, mixin_verb=('build',))
[2.996s] Level 1:colcon.colcon_core.package_discovery:discover_packages(colcon_meta) check parameters
[2.997s] Level 1:colcon.colcon_core.package_discovery:discover_packages(recursive) check parameters
[2.997s] Level 1:colcon.colcon_core.package_discovery:discover_packages(ignore) check parameters
[2.997s] Level 1:colcon.colcon_core.package_discovery:discover_packages(path) check parameters
[2.998s] Level 1:colcon.colcon_core.package_discovery:discover_packages(colcon_meta) discover
[2.998s] Level 1:colcon.colcon_core.package_discovery:discover_packages(recursive) discover
[2.998s] INFO:colcon.colcon_core.package_discovery:Crawling recursively for packages in '/root/hand_reader'
[2.999s] Level 1:colcon.colcon_core.package_identification:_identify(.) by extensions ['ignore', 'ignore_ament_install']
[2.999s] Level 1:colcon.colcon_core.package_identification:_identify(.) by extension 'ignore'
[2.999s] Level 1:colcon.colcon_core.package_identification:_identify(.) by extension 'ignore_ament_install'
[3.000s] Level 1:colcon.colcon_core.package_identification:_identify(.) by extensions ['colcon_pkg']
[3.000s] Level 1:colcon.colcon_core.package_identification:_identify(.) by extension 'colcon_pkg'
[3.000s] Level 1:colcon.colcon_core.package_identification:_identify(.) by extensions ['colcon_meta']
[3.000s] Level 1:colcon.colcon_core.package_identification:_identify(.) by extension 'colcon_meta'
[3.001s] Level 1:colcon.colcon_core.package_identification:_identify(.) by extensions ['ros']
[3.001s] Level 1:colcon.colcon_core.package_identification:_identify(.) by extension 'ros'
[3.014s] Level 1:colcon.colcon_core.package_identification:_identify(.) by extensions ['bazel', 'cmake', 'meson', 'python']
[3.015s] Level 1:colcon.colcon_core.package_identification:_identify(.) by extension 'bazel'
[3.015s] Level 1:colcon.colcon_core.package_identification:_identify(.) by extension 'cmake'
[3.016s] Level 1:colcon.colcon_core.package_identification:_identify(.) by extension 'meson'
[3.016s] Level 1:colcon.colcon_core.package_identification:_identify(.) by extension 'python'
[3.016s] Level 1:colcon.colcon_core.package_identification:_identify(.) by extensions ['python_setup_py']
[3.017s] Level 1:colcon.colcon_core.package_identification:_identify(.) by extension 'python_setup_py'
[3.017s] Level 1:colcon.colcon_core.package_identification:_identify(build) by extensions ['ignore', 'ignore_ament_install']
[3.018s] Level 1:colcon.colcon_core.package_identification:_identify(build) by extension 'ignore'
[3.019s] Level 1:colcon.colcon_core.package_identification:_identify(build) ignored
[3.020s] Level 1:colcon.colcon_core.package_identification:_identify(install) by extensions ['ignore', 'ignore_ament_install']
[3.020s] Level 1:colcon.colcon_core.package_identification:_identify(install) by extension 'ignore'
[3.021s] Level 1:colcon.colcon_core.package_identification:_identify(install) ignored
[3.021s] Level 1:colcon.colcon_core.package_identification:_identify(log) by extensions ['ignore', 'ignore_ament_install']
[3.022s] Level 1:colcon.colcon_core.package_identification:_identify(log) by extension 'ignore'
[3.022s] Level 1:colcon.colcon_core.package_identification:_identify(log) ignored
[3.023s] Level 1:colcon.colcon_core.package_identification:_identify(src) by extensions ['ignore', 'ignore_ament_install']
[3.023s] Level 1:colcon.colcon_core.package_identification:_identify(src) by extension 'ignore'
[3.023s] Level 1:colcon.colcon_core.package_identification:_identify(src) by extension 'ignore_ament_install'
[3.024s] Level 1:colcon.colcon_core.package_identification:_identify(src) by extensions ['colcon_pkg']
[3.024s] Level 1:colcon.colcon_core.package_identification:_identify(src) by extension 'colcon_pkg'
[3.024s] Level 1:colcon.colcon_core.package_identification:_identify(src) by extensions ['colcon_meta']
[3.024s] Level 1:colcon.colcon_core.package_identification:_identify(src) by extension 'colcon_meta'
[3.025s] Level 1:colcon.colcon_core.package_identification:_identify(src) by extensions ['ros']
[3.025s] Level 1:colcon.colcon_core.package_identification:_identify(src) by extension 'ros'
[3.025s] Level 1:colcon.colcon_core.package_identification:_identify(src) by extensions ['bazel', 'cmake', 'meson', 'python']
[3.025s] Level 1:colcon.colcon_core.package_identification:_identify(src) by extension 'bazel'
[3.026s] Level 1:colcon.colcon_core.package_identification:_identify(src) by extension 'cmake'
[3.026s] Level 1:colcon.colcon_core.package_identification:_identify(src) by extension 'meson'
[3.026s] Level 1:colcon.colcon_core.package_identification:_identify(src) by extension 'python'
[3.027s] Level 1:colcon.colcon_core.package_identification:_identify(src) by extensions ['python_setup_py']
[3.027s] Level 1:colcon.colcon_core.package_identification:_identify(src) by extension 'python_setup_py'
[3.028s] Level 1:colcon.colcon_core.package_identification:_identify(src/hand_reader) by extensions ['ignore', 'ignore_ament_install']
[3.028s] Level 1:colcon.colcon_core.package_identification:_identify(src/hand_reader) by extension 'ignore'
[3.028s] Level 1:colcon.colcon_core.package_identification:_identify(src/hand_reader) by extension 'ignore_ament_install'
[3.029s] Level 1:colcon.colcon_core.package_identification:_identify(src/hand_reader) by extensions ['colcon_pkg']
[3.029s] Level 1:colcon.colcon_core.package_identification:_identify(src/hand_reader) by extension 'colcon_pkg'
[3.029s] Level 1:colcon.colcon_core.package_identification:_identify(src/hand_reader) by extensions ['colcon_meta']
[3.029s] Level 1:colcon.colcon_core.package_identification:_identify(src/hand_reader) by extension 'colcon_meta'
[3.030s] Level 1:colcon.colcon_core.package_identification:_identify(src/hand_reader) by extensions ['ros']
[3.030s] Level 1:colcon.colcon_core.package_identification:_identify(src/hand_reader) by extension 'ros'
[3.057s] DEBUG:colcon.colcon_core.package_identification:Package 'src/hand_reader' with type 'ros.ament_python' and name 'hand_reader'
[3.057s] Level 1:colcon.colcon_core.package_discovery:discover_packages(recursive) using defaults
[3.058s] Level 1:colcon.colcon_core.package_discovery:discover_packages(ignore) discover
[3.058s] Level 1:colcon.colcon_core.package_discovery:discover_packages(ignore) using defaults
[3.058s] Level 1:colcon.colcon_core.package_discovery:discover_packages(path) discover
[3.058s] Level 1:colcon.colcon_core.package_discovery:discover_packages(path) using defaults
[3.162s] Level 1:colcon.colcon_core.package_discovery:discover_packages(prefix_path) check parameters
[3.162s] Level 1:colcon.colcon_core.package_discovery:discover_packages(prefix_path) discover
[3.168s] WARNING:colcon.colcon_core.prefix_path.colcon:The path '/root/hand_ws/install' in the environment variable COLCON_PREFIX_PATH doesn't exist
[3.169s] WARNING:colcon.colcon_ros.prefix_path.ament:The path '/root/hand_ws/install/hand_det' in the environment variable AMENT_PREFIX_PATH doesn't exist
[3.173s] WARNING:colcon.colcon_ros.prefix_path.catkin:The path '/root/hand_ws/install/hand_det' in the environment variable CMAKE_PREFIX_PATH doesn't exist
[3.177s] DEBUG:colcon.colcon_installed_package_information.package_discovery:Found 1 installed packages in /root/hand_reader/install
[3.183s] DEBUG:colcon.colcon_installed_package_information.package_discovery:Found 15 installed packages in /userdata/dev_ws/install
[3.187s] DEBUG:colcon.colcon_installed_package_information.package_discovery:Found 55 installed packages in /opt/tros/humble
[3.197s] DEBUG:colcon.colcon_installed_package_information.package_discovery:Found 266 installed packages in /opt/ros/humble
[3.208s] Level 1:colcon.colcon_core.package_discovery:discover_packages(prefix_path) using defaults
[3.567s] Level 5:colcon.colcon_core.verb:set package 'hand_reader' build argument 'bazel_args' from command line to 'None'
[3.567s] Level 5:colcon.colcon_core.verb:set package 'hand_reader' build argument 'bazel_task' from command line to 'None'
[3.567s] Level 5:colcon.colcon_core.verb:set package 'hand_reader' build argument 'cmake_args' from command line to 'None'
[3.567s] Level 5:colcon.colcon_core.verb:set package 'hand_reader' build argument 'cmake_target' from command line to 'None'
[3.568s] Level 5:colcon.colcon_core.verb:set package 'hand_reader' build argument 'cmake_target_skip_unavailable' from command line to 'False'
[3.568s] Level 5:colcon.colcon_core.verb:set package 'hand_reader' build argument 'cmake_clean_cache' from command line to 'False'
[3.568s] Level 5:colcon.colcon_core.verb:set package 'hand_reader' build argument 'cmake_clean_first' from command line to 'False'
[3.568s] Level 5:colcon.colcon_core.verb:set package 'hand_reader' build argument 'cmake_force_configure' from command line to 'False'
[3.568s] Level 5:colcon.colcon_core.verb:set package 'hand_reader' build argument 'meson_args' from command line to '[]'
[3.568s] Level 5:colcon.colcon_core.verb:set package 'hand_reader' build argument 'ament_cmake_args' from command line to 'None'
[3.569s] Level 5:colcon.colcon_core.verb:set package 'hand_reader' build argument 'catkin_cmake_args' from command line to 'None'
[3.569s] Level 5:colcon.colcon_core.verb:set package 'hand_reader' build argument 'catkin_skip_building_tests' from command line to 'False'
[3.569s] DEBUG:colcon.colcon_core.verb:Building package 'hand_reader' with the following arguments: {'ament_cmake_args': None, 'bazel_args': None, 'bazel_task': None, 'build_base': '/root/hand_reader/build/hand_reader', 'catkin_cmake_args': None, 'catkin_skip_building_tests': False, 'cmake_args': None, 'cmake_clean_cache': False, 'cmake_clean_first': False, 'cmake_force_configure': False, 'cmake_target': None, 'cmake_target_skip_unavailable': False, 'install_base': '/root/hand_reader/install/hand_reader', 'merge_install': False, 'meson_args': [], 'path': '/root/hand_reader/src/hand_reader', 'symlink_install': False, 'test_result_base': None}
[3.570s] INFO:colcon.colcon_core.executor:Executing jobs using 'parallel' executor
[3.575s] DEBUG:colcon.colcon_parallel_executor.executor.parallel:run_until_complete
[3.576s] INFO:colcon.colcon_ros.task.ament_python.build:Building ROS package in '/root/hand_reader/src/hand_reader' with build type 'ament_python'
[3.577s] Level 1:colcon.colcon_core.shell:create_environment_hook('hand_reader', 'ament_prefix_path')
[3.593s] INFO:colcon.colcon_core.plugin_system:Skipping extension 'colcon_core.shell.bat': Not used on non-Windows systems
[3.594s] INFO:colcon.colcon_core.shell:Creating environment hook '/root/hand_reader/install/hand_reader/share/hand_reader/hook/ament_prefix_path.ps1'
[3.598s] INFO:colcon.colcon_core.shell:Creating environment descriptor '/root/hand_reader/install/hand_reader/share/hand_reader/hook/ament_prefix_path.dsv'
[3.601s] INFO:colcon.colcon_core.shell:Creating environment hook '/root/hand_reader/install/hand_reader/share/hand_reader/hook/ament_prefix_path.sh'
[3.606s] DEBUG:colcon.colcon_ros_domain_id_coordinator.shell.ros_domain_id:Allocated ROS_DOMAIN_ID=1 for '/root/hand_reader/build/hand_reader'
[3.606s] INFO:colcon.colcon_core.shell:Skip shell extension 'ros_domain_id' for command environment: 
[3.606s] INFO:colcon.colcon_core.shell:Skip shell extension 'powershell' for command environment: Not usable outside of PowerShell
[3.607s] DEBUG:colcon.colcon_core.shell:Skip shell extension 'dsv' for command environment
[5.637s] INFO:colcon.colcon_core.task.python.build:Building Python package in '/root/hand_reader/src/hand_reader'
[5.639s] DEBUG:colcon.colcon_ros_domain_id_coordinator.shell.ros_domain_id:Allocated ROS_DOMAIN_ID=1 for '/root/hand_reader/build/hand_reader'
[5.639s] INFO:colcon.colcon_core.shell:Skip shell extension 'ros_domain_id' for command environment: 
[5.640s] INFO:colcon.colcon_core.shell:Skip shell extension 'powershell' for command environment: Not usable outside of PowerShell
[5.640s] DEBUG:colcon.colcon_core.shell:Skip shell extension 'dsv' for command environment
[8.232s] DEBUG:colcon.colcon_core.event_handler.log_command:Invoking command in '/root/hand_reader/build/hand_reader': PYTHONPATH=/root/hand_reader/build/hand_reader/prefix_override:/usr/lib/python3/dist-packages/colcon_core/task/python/colcon_distutils_commands:/root/hand_reader/install/hand_reader/lib/python3.10/site-packages:${PYTHONPATH} /usr/bin/python3 -W ignore:setup.py install is deprecated -W ignore:easy_install command is deprecated setup.py develop --uninstall --editable --build-directory /root/hand_reader/build/hand_reader/build
[11.384s] DEBUG:colcon.colcon_core.event_handler.log_command:Invoked command in '/root/hand_reader/build/hand_reader' returned '0': PYTHONPATH=/root/hand_reader/build/hand_reader/prefix_override:/usr/lib/python3/dist-packages/colcon_core/task/python/colcon_distutils_commands:/root/hand_reader/install/hand_reader/lib/python3.10/site-packages:${PYTHONPATH} /usr/bin/python3 -W ignore:setup.py install is deprecated -W ignore:easy_install command is deprecated setup.py develop --uninstall --editable --build-directory /root/hand_reader/build/hand_reader/build
[11.398s] DEBUG:colcon.colcon_core.event_handler.log_command:Invoking command in '/root/hand_reader/src/hand_reader': PYTHONPATH=/root/hand_reader/build/hand_reader/prefix_override:/usr/lib/python3/dist-packages/colcon_core/task/python/colcon_distutils_commands:/root/hand_reader/install/hand_reader/lib/python3.10/site-packages:${PYTHONPATH} /usr/bin/python3 -W ignore:setup.py install is deprecated -W ignore:easy_install command is deprecated setup.py egg_info --egg-base ../../build/hand_reader build --build-base /root/hand_reader/build/hand_reader/build install --record /root/hand_reader/build/hand_reader/install.log --single-version-externally-managed install_data --force
[13.462s] DEBUG:colcon.colcon_core.event_handler.log_command:Invoked command in '/root/hand_reader/src/hand_reader' returned '0': PYTHONPATH=/root/hand_reader/build/hand_reader/prefix_override:/usr/lib/python3/dist-packages/colcon_core/task/python/colcon_distutils_commands:/root/hand_reader/install/hand_reader/lib/python3.10/site-packages:${PYTHONPATH} /usr/bin/python3 -W ignore:setup.py install is deprecated -W ignore:easy_install command is deprecated setup.py egg_info --egg-base ../../build/hand_reader build --build-base /root/hand_reader/build/hand_reader/build install --record /root/hand_reader/build/hand_reader/install.log --single-version-externally-managed install_data --force
[13.481s] Level 1:colcon.colcon_core.environment:checking '/root/hand_reader/install/hand_reader' for CMake module files
[13.487s] Level 1:colcon.colcon_core.environment:checking '/root/hand_reader/install/hand_reader' for CMake config files
[13.493s] Level 1:colcon.colcon_core.environment:checking '/root/hand_reader/install/hand_reader/lib'
[13.494s] Level 1:colcon.colcon_core.environment:checking '/root/hand_reader/install/hand_reader/bin'
[13.495s] Level 1:colcon.colcon_core.environment:checking '/root/hand_reader/install/hand_reader/lib/pkgconfig/hand_reader.pc'
[13.496s] Level 1:colcon.colcon_core.environment:checking '/root/hand_reader/install/hand_reader/lib/python3.10/site-packages'
[13.497s] Level 1:colcon.colcon_core.shell:create_environment_hook('hand_reader', 'pythonpath')
[13.499s] INFO:colcon.colcon_core.shell:Creating environment hook '/root/hand_reader/install/hand_reader/share/hand_reader/hook/pythonpath.ps1'
[13.502s] INFO:colcon.colcon_core.shell:Creating environment descriptor '/root/hand_reader/install/hand_reader/share/hand_reader/hook/pythonpath.dsv'
[13.504s] INFO:colcon.colcon_core.shell:Creating environment hook '/root/hand_reader/install/hand_reader/share/hand_reader/hook/pythonpath.sh'
[13.508s] Level 1:colcon.colcon_core.environment:checking '/root/hand_reader/install/hand_reader/bin'
[13.509s] Level 1:colcon.colcon_core.environment:create_environment_scripts_only(hand_reader)
[13.512s] INFO:colcon.colcon_core.shell:Creating package script '/root/hand_reader/install/hand_reader/share/hand_reader/package.ps1'
[13.518s] INFO:colcon.colcon_core.shell:Creating package descriptor '/root/hand_reader/install/hand_reader/share/hand_reader/package.dsv'
[13.523s] INFO:colcon.colcon_core.shell:Creating package script '/root/hand_reader/install/hand_reader/share/hand_reader/package.sh'
[13.529s] INFO:colcon.colcon_core.shell:Creating package script '/root/hand_reader/install/hand_reader/share/hand_reader/package.bash'
[13.534s] INFO:colcon.colcon_core.shell:Creating package script '/root/hand_reader/install/hand_reader/share/hand_reader/package.zsh'
[13.539s] Level 1:colcon.colcon_core.environment:create_file_with_runtime_dependencies(/root/hand_reader/install/hand_reader/share/colcon-core/packages/hand_reader)
[13.540s] DEBUG:colcon.colcon_parallel_executor.executor.parallel:closing loop
[13.541s] DEBUG:colcon.colcon_ros_domain_id_coordinator.shell.ros_domain_id:Released ROS_DOMAIN_ID=1 for '/root/hand_reader/build/hand_reader'
[13.542s] DEBUG:colcon.colcon_parallel_executor.executor.parallel:loop closed
[13.543s] DEBUG:colcon.colcon_parallel_executor.executor.parallel:run_until_complete finished with '0'
[13.543s] DEBUG:colcon.colcon_core.event_reactor:joining thread
[13.574s] INFO:colcon.colcon_core.plugin_system:Skipping extension 'colcon_notification.desktop_notification.notify_send': Could not find 'notify-send'
[13.575s] INFO:colcon.colcon_core.plugin_system:Skipping extension 'colcon_notification.desktop_notification.terminal_notifier': Not used on non-Darwin systems
[13.575s] INFO:colcon.colcon_core.plugin_system:Skipping extension 'colcon_notification.desktop_notification.win32': Not used on non-Windows systems
[13.575s] INFO:colcon.colcon_notification.desktop_notification:Sending desktop notification using 'notify2'
