[4.062s] Invoking command in '/root/face_ws/face_recog/src/face_recog': PYTHONPATH=/root/face_ws/face_recog/build/face_recog/prefix_override:/usr/lib/python3/dist-packages/colcon_core/task/python/colcon_distutils_commands:/root/face_ws/face_recog/install/face_recog/lib/python3.10/site-packages:${PYTHONPATH} /usr/bin/python3 -W ignore:setup.py install is deprecated -W ignore:easy_install command is deprecated setup.py egg_info --egg-base ../../build/face_recog build --build-base /root/face_ws/face_recog/build/face_recog/build install --record /root/face_ws/face_recog/build/face_recog/install.log --single-version-externally-managed install_data
[5.629s] running egg_info
[5.633s] writing ../../build/face_recog/face_recog.egg-info/PKG-INFO
[5.635s] writing dependency_links to ../../build/face_recog/face_recog.egg-info/dependency_links.txt
[5.636s] writing entry points to ../../build/face_recog/face_recog.egg-info/entry_points.txt
[5.637s] writing requirements to ../../build/face_recog/face_recog.egg-info/requires.txt
[5.637s] writing top-level names to ../../build/face_recog/face_recog.egg-info/top_level.txt
[5.642s] reading manifest file '../../build/face_recog/face_recog.egg-info/SOURCES.txt'
[5.647s] writing manifest file '../../build/face_recog/face_recog.egg-info/SOURCES.txt'
[5.647s] running build
[5.648s] running install
[5.649s] running install_data
[5.649s] creating /root/face_ws/face_recog/install/face_recog/share/face_recog/dataset
[5.650s] creating /root/face_ws/face_recog/install/face_recog/share/face_recog/models
[5.650s] copying face_recog/res10_300x300_ssd_iter_140000_fp16.caffemodel -> /root/face_ws/face_recog/install/face_recog/share/face_recog/models
[5.679s] copying face_recog/deploy.prototxt -> /root/face_ws/face_recog/install/face_recog/share/face_recog/models
[5.679s] creating /root/face_ws/face_recog/install/face_recog/share/ament_index
[5.680s] creating /root/face_ws/face_recog/install/face_recog/share/ament_index/resource_index
[5.681s] creating /root/face_ws/face_recog/install/face_recog/share/ament_index/resource_index/packages
[5.681s] error: can't copy 'resource/face_recog': doesn't exist or not a regular file
[5.850s] Invoked command in '/root/face_ws/face_recog/src/face_recog' returned '1': PYTHONPATH=/root/face_ws/face_recog/build/face_recog/prefix_override:/usr/lib/python3/dist-packages/colcon_core/task/python/colcon_distutils_commands:/root/face_ws/face_recog/install/face_recog/lib/python3.10/site-packages:${PYTHONPATH} /usr/bin/python3 -W ignore:setup.py install is deprecated -W ignore:easy_install command is deprecated setup.py egg_info --egg-base ../../build/face_recog build --build-base /root/face_ws/face_recog/build/face_recog/build install --record /root/face_ws/face_recog/build/face_recog/install.log --single-version-externally-managed install_data
