[1.601s] DEBUG:colcon:Command line arguments: ['/usr/bin/colcon', 'build']
[1.601s] DEBUG:colcon:Parsed command line arguments: Namespace(log_base=None, log_level=None, verb_name='build', build_base='build', install_base='install', merge_install=False, symlink_install=False, test_result_base=None, continue_on_error=False, executor='parallel', parallel_workers=8, event_handlers=None, ignore_user_meta=False, metas=['./colcon.meta'], base_paths=['.'], packages_ignore=None, packages_ignore_regex=None, paths=None, packages_up_to=None, packages_up_to_regex=None, packages_above=None, packages_above_and_dependencies=None, packages_above_depth=None, packages_select_by_dep=None, packages_skip_by_dep=None, packages_skip_up_to=None, packages_select_build_failed=False, packages_skip_build_finished=False, packages_select_test_failures=False, packages_skip_test_passed=False, packages_select=None, packages_skip=None, packages_select_regex=None, packages_skip_regex=None, packages_start=None, packages_end=None, allow_overriding=[], bazel_args=None, bazel_task=None, cmake_args=None, cmake_target=None, cmake_target_skip_unavailable=False, cmake_clean_cache=False, cmake_clean_first=False, cmake_force_configure=False, meson_args=[], ament_cmake_args=None, catkin_cmake_args=None, catkin_skip_building_tests=False, mixin_files=None, mixin=None, verb_parser=<colcon_alias.argument_parser.alias.AliasArgumentDecorator object at 0xffffb8b9c2e0>, verb_extension=<colcon_core.verb.build.BuildVerb object at 0xffffb8b6b400>, main=<bound method BuildVerb.main of <colcon_core.verb.build.BuildVerb object at 0xffffb8b6b400>>, mixin_verb=('build',))
[2.726s] Level 1:colcon.colcon_core.package_discovery:discover_packages(colcon_meta) check parameters
[2.727s] Level 1:colcon.colcon_core.package_discovery:discover_packages(recursive) check parameters
[2.727s] Level 1:colcon.colcon_core.package_discovery:discover_packages(ignore) check parameters
[2.727s] Level 1:colcon.colcon_core.package_discovery:discover_packages(path) check parameters
[2.727s] Level 1:colcon.colcon_core.package_discovery:discover_packages(colcon_meta) discover
[2.728s] Level 1:colcon.colcon_core.package_discovery:discover_packages(recursive) discover
[2.728s] INFO:colcon.colcon_core.package_discovery:Crawling recursively for packages in '/home/sunrise/doraemon/src'
[2.728s] Level 1:colcon.colcon_core.package_identification:_identify(.) by extensions ['ignore', 'ignore_ament_install']
[2.729s] Level 1:colcon.colcon_core.package_identification:_identify(.) by extension 'ignore'
[2.729s] Level 1:colcon.colcon_core.package_identification:_identify(.) by extension 'ignore_ament_install'
[2.729s] Level 1:colcon.colcon_core.package_identification:_identify(.) by extensions ['colcon_pkg']
[2.730s] Level 1:colcon.colcon_core.package_identification:_identify(.) by extension 'colcon_pkg'
[2.730s] Level 1:colcon.colcon_core.package_identification:_identify(.) by extensions ['colcon_meta']
[2.730s] Level 1:colcon.colcon_core.package_identification:_identify(.) by extension 'colcon_meta'
[2.730s] Level 1:colcon.colcon_core.package_identification:_identify(.) by extensions ['ros']
[2.730s] Level 1:colcon.colcon_core.package_identification:_identify(.) by extension 'ros'
[2.744s] Level 1:colcon.colcon_core.package_identification:_identify(.) by extensions ['bazel', 'cmake', 'meson', 'python']
[2.745s] Level 1:colcon.colcon_core.package_identification:_identify(.) by extension 'bazel'
[2.745s] Level 1:colcon.colcon_core.package_identification:_identify(.) by extension 'cmake'
[2.745s] Level 1:colcon.colcon_core.package_identification:_identify(.) by extension 'meson'
[2.746s] Level 1:colcon.colcon_core.package_identification:_identify(.) by extension 'python'
[2.746s] Level 1:colcon.colcon_core.package_identification:_identify(.) by extensions ['python_setup_py']
[2.746s] Level 1:colcon.colcon_core.package_identification:_identify(.) by extension 'python_setup_py'
[2.747s] Level 1:colcon.colcon_core.package_identification:_identify(build) by extensions ['ignore', 'ignore_ament_install']
[2.747s] Level 1:colcon.colcon_core.package_identification:_identify(build) by extension 'ignore'
[2.747s] Level 1:colcon.colcon_core.package_identification:_identify(build) ignored
[2.748s] Level 1:colcon.colcon_core.package_identification:_identify(face_rec) by extensions ['ignore', 'ignore_ament_install']
[2.748s] Level 1:colcon.colcon_core.package_identification:_identify(face_rec) by extension 'ignore'
[2.749s] Level 1:colcon.colcon_core.package_identification:_identify(face_rec) by extension 'ignore_ament_install'
[2.749s] Level 1:colcon.colcon_core.package_identification:_identify(face_rec) by extensions ['colcon_pkg']
[2.749s] Level 1:colcon.colcon_core.package_identification:_identify(face_rec) by extension 'colcon_pkg'
[2.749s] Level 1:colcon.colcon_core.package_identification:_identify(face_rec) by extensions ['colcon_meta']
[2.750s] Level 1:colcon.colcon_core.package_identification:_identify(face_rec) by extension 'colcon_meta'
[2.750s] Level 1:colcon.colcon_core.package_identification:_identify(face_rec) by extensions ['ros']
[2.750s] Level 1:colcon.colcon_core.package_identification:_identify(face_rec) by extension 'ros'
[2.764s] DEBUG:colcon.colcon_core.package_identification:Package 'face_rec' with type 'ros.ament_python' and name 'face_rec'
[2.765s] Level 1:colcon.colcon_core.package_identification:_identify(install) by extensions ['ignore', 'ignore_ament_install']
[2.765s] Level 1:colcon.colcon_core.package_identification:_identify(install) by extension 'ignore'
[2.766s] Level 1:colcon.colcon_core.package_identification:_identify(install) ignored
[2.766s] Level 1:colcon.colcon_core.package_identification:_identify(log) by extensions ['ignore', 'ignore_ament_install']
[2.767s] Level 1:colcon.colcon_core.package_identification:_identify(log) by extension 'ignore'
[2.767s] Level 1:colcon.colcon_core.package_identification:_identify(log) ignored
[2.767s] Level 1:colcon.colcon_core.package_discovery:discover_packages(recursive) using defaults
[2.768s] Level 1:colcon.colcon_core.package_discovery:discover_packages(ignore) discover
[2.768s] Level 1:colcon.colcon_core.package_discovery:discover_packages(ignore) using defaults
[2.768s] Level 1:colcon.colcon_core.package_discovery:discover_packages(path) discover
[2.768s] Level 1:colcon.colcon_core.package_discovery:discover_packages(path) using defaults
[2.869s] Level 1:colcon.colcon_core.package_discovery:discover_packages(prefix_path) check parameters
[2.870s] Level 1:colcon.colcon_core.package_discovery:discover_packages(prefix_path) discover
[2.884s] DEBUG:colcon.colcon_installed_package_information.package_discovery:Found 14 installed packages in /userdata/dev_ws/install
[2.887s] DEBUG:colcon.colcon_installed_package_information.package_discovery:Found 35 installed packages in /opt/tros/humble
[2.896s] DEBUG:colcon.colcon_installed_package_information.package_discovery:Found 265 installed packages in /opt/ros/humble
[2.907s] Level 1:colcon.colcon_core.package_discovery:discover_packages(prefix_path) using defaults
[3.234s] Level 5:colcon.colcon_core.verb:set package 'face_rec' build argument 'bazel_args' from command line to 'None'
[3.234s] Level 5:colcon.colcon_core.verb:set package 'face_rec' build argument 'bazel_task' from command line to 'None'
[3.235s] Level 5:colcon.colcon_core.verb:set package 'face_rec' build argument 'cmake_args' from command line to 'None'
[3.235s] Level 5:colcon.colcon_core.verb:set package 'face_rec' build argument 'cmake_target' from command line to 'None'
[3.235s] Level 5:colcon.colcon_core.verb:set package 'face_rec' build argument 'cmake_target_skip_unavailable' from command line to 'False'
[3.235s] Level 5:colcon.colcon_core.verb:set package 'face_rec' build argument 'cmake_clean_cache' from command line to 'False'
[3.235s] Level 5:colcon.colcon_core.verb:set package 'face_rec' build argument 'cmake_clean_first' from command line to 'False'
[3.235s] Level 5:colcon.colcon_core.verb:set package 'face_rec' build argument 'cmake_force_configure' from command line to 'False'
[3.236s] Level 5:colcon.colcon_core.verb:set package 'face_rec' build argument 'meson_args' from command line to '[]'
[3.236s] Level 5:colcon.colcon_core.verb:set package 'face_rec' build argument 'ament_cmake_args' from command line to 'None'
[3.236s] Level 5:colcon.colcon_core.verb:set package 'face_rec' build argument 'catkin_cmake_args' from command line to 'None'
[3.236s] Level 5:colcon.colcon_core.verb:set package 'face_rec' build argument 'catkin_skip_building_tests' from command line to 'False'
[3.236s] DEBUG:colcon.colcon_core.verb:Building package 'face_rec' with the following arguments: {'ament_cmake_args': None, 'bazel_args': None, 'bazel_task': None, 'build_base': '/home/sunrise/doraemon/src/build/face_rec', 'catkin_cmake_args': None, 'catkin_skip_building_tests': False, 'cmake_args': None, 'cmake_clean_cache': False, 'cmake_clean_first': False, 'cmake_force_configure': False, 'cmake_target': None, 'cmake_target_skip_unavailable': False, 'install_base': '/home/sunrise/doraemon/src/install/face_rec', 'merge_install': False, 'meson_args': [], 'path': '/home/sunrise/doraemon/src/face_rec', 'symlink_install': False, 'test_result_base': None}
[3.237s] INFO:colcon.colcon_core.executor:Executing jobs using 'parallel' executor
[3.242s] DEBUG:colcon.colcon_parallel_executor.executor.parallel:run_until_complete
[3.243s] INFO:colcon.colcon_ros.task.ament_python.build:Building ROS package in '/home/sunrise/doraemon/src/face_rec' with build type 'ament_python'
[3.244s] Level 1:colcon.colcon_core.shell:create_environment_hook('face_rec', 'ament_prefix_path')
[3.256s] INFO:colcon.colcon_core.plugin_system:Skipping extension 'colcon_core.shell.bat': Not used on non-Windows systems
[3.258s] INFO:colcon.colcon_core.shell:Creating environment hook '/home/sunrise/doraemon/src/install/face_rec/share/face_rec/hook/ament_prefix_path.ps1'
[3.262s] INFO:colcon.colcon_core.shell:Creating environment descriptor '/home/sunrise/doraemon/src/install/face_rec/share/face_rec/hook/ament_prefix_path.dsv'
[3.264s] INFO:colcon.colcon_core.shell:Creating environment hook '/home/sunrise/doraemon/src/install/face_rec/share/face_rec/hook/ament_prefix_path.sh'
[3.268s] DEBUG:colcon.colcon_ros_domain_id_coordinator.shell.ros_domain_id:Allocated ROS_DOMAIN_ID=58 for '/home/sunrise/doraemon/src/build/face_rec'
[3.268s] INFO:colcon.colcon_core.shell:Skip shell extension 'ros_domain_id' for command environment: 
[3.269s] INFO:colcon.colcon_core.shell:Skip shell extension 'powershell' for command environment: Not usable outside of PowerShell
[3.269s] DEBUG:colcon.colcon_core.shell:Skip shell extension 'dsv' for command environment
[5.086s] DEBUG:colcon.colcon_ros_domain_id_coordinator.shell.ros_domain_id:Released ROS_DOMAIN_ID=58 for '/home/sunrise/doraemon/src/build/face_rec'
[5.089s] DEBUG:colcon.colcon_parallel_executor.executor.parallel:closing loop
[5.090s] DEBUG:colcon.colcon_parallel_executor.executor.parallel:loop closed
[5.091s] DEBUG:colcon.colcon_parallel_executor.executor.parallel:run_until_complete finished with 'Command '['/usr/bin/python3', '-c', 'import sys;from contextlib import suppress;exec("with suppress(ImportError):    from setuptools.extern.packaging.specifiers    import SpecifierSet");exec("with suppress(ImportError):    from packaging.specifiers import SpecifierSet");from distutils.core import run_setup;dist = run_setup(    \'setup.py\', script_args=(\'--dry-run\',), stop_after=\'config\');skip_keys = (\'cmdclass\', \'distclass\', \'ext_modules\', \'metadata\');data = {    key: value for key, value in dist.__dict__.items()     if (        not key.startswith(\'_\') and         not callable(value) and         key not in skip_keys and         key not in dist.display_option_names    )};data[\'metadata\'] = {    k: v for k, v in dist.metadata.__dict__.items()     if k not in (\'license_files\', \'provides_extras\')};sys.stdout.buffer.write(repr(data).encode(\'utf-8\'))']' returned non-zero exit status 1.'
[5.091s] DEBUG:colcon.colcon_core.event_reactor:joining thread
[5.128s] INFO:colcon.colcon_core.plugin_system:Skipping extension 'colcon_notification.desktop_notification.notify_send': Could not find 'notify-send'
[5.129s] INFO:colcon.colcon_core.plugin_system:Skipping extension 'colcon_notification.desktop_notification.terminal_notifier': Not used on non-Darwin systems
[5.129s] INFO:colcon.colcon_core.plugin_system:Skipping extension 'colcon_notification.desktop_notification.win32': Not used on non-Windows systems
[5.130s] INFO:colcon.colcon_notification.desktop_notification:Sending desktop notification using 'notify2'
