[1.666s] DEBUG:colcon:Command line arguments: ['/usr/bin/colcon', 'build']
[1.666s] DEBUG:colcon:Parsed command line arguments: Namespace(log_base=None, log_level=None, verb_name='build', build_base='build', install_base='install', merge_install=False, symlink_install=False, test_result_base=None, continue_on_error=False, executor='parallel', parallel_workers=8, event_handlers=None, ignore_user_meta=False, metas=['./colcon.meta'], base_paths=['.'], packages_ignore=None, packages_ignore_regex=None, paths=None, packages_up_to=None, packages_up_to_regex=None, packages_above=None, packages_above_and_dependencies=None, packages_above_depth=None, packages_select_by_dep=None, packages_skip_by_dep=None, packages_skip_up_to=None, packages_select_build_failed=False, packages_skip_build_finished=False, packages_select_test_failures=False, packages_skip_test_passed=False, packages_select=None, packages_skip=None, packages_select_regex=None, packages_skip_regex=None, packages_start=None, packages_end=None, allow_overriding=[], bazel_args=None, bazel_task=None, cmake_args=None, cmake_target=None, cmake_target_skip_unavailable=False, cmake_clean_cache=False, cmake_clean_first=False, cmake_force_configure=False, meson_args=[], ament_cmake_args=None, catkin_cmake_args=None, catkin_skip_building_tests=False, mixin_files=None, mixin=None, verb_parser=<colcon_alias.argument_parser.alias.AliasArgumentDecorator object at 0xffffadea0d00>, verb_extension=<colcon_core.verb.build.BuildVerb object at 0xffffae08ff10>, main=<bound method BuildVerb.main of <colcon_core.verb.build.BuildVerb object at 0xffffae08ff10>>, mixin_verb=('build',))
[2.825s] Level 1:colcon.colcon_core.package_discovery:discover_packages(colcon_meta) check parameters
[2.826s] Level 1:colcon.colcon_core.package_discovery:discover_packages(recursive) check parameters
[2.826s] Level 1:colcon.colcon_core.package_discovery:discover_packages(ignore) check parameters
[2.827s] Level 1:colcon.colcon_core.package_discovery:discover_packages(path) check parameters
[2.827s] Level 1:colcon.colcon_core.package_discovery:discover_packages(colcon_meta) discover
[2.827s] Level 1:colcon.colcon_core.package_discovery:discover_packages(recursive) discover
[2.827s] INFO:colcon.colcon_core.package_discovery:Crawling recursively for packages in '/root/face_ws/face_recog'
[2.828s] Level 1:colcon.colcon_core.package_identification:_identify(.) by extensions ['ignore', 'ignore_ament_install']
[2.828s] Level 1:colcon.colcon_core.package_identification:_identify(.) by extension 'ignore'
[2.829s] Level 1:colcon.colcon_core.package_identification:_identify(.) by extension 'ignore_ament_install'
[2.829s] Level 1:colcon.colcon_core.package_identification:_identify(.) by extensions ['colcon_pkg']
[2.829s] Level 1:colcon.colcon_core.package_identification:_identify(.) by extension 'colcon_pkg'
[2.830s] Level 1:colcon.colcon_core.package_identification:_identify(.) by extensions ['colcon_meta']
[2.830s] Level 1:colcon.colcon_core.package_identification:_identify(.) by extension 'colcon_meta'
[2.830s] Level 1:colcon.colcon_core.package_identification:_identify(.) by extensions ['ros']
[2.830s] Level 1:colcon.colcon_core.package_identification:_identify(.) by extension 'ros'
[2.852s] Level 1:colcon.colcon_core.package_identification:_identify(.) by extensions ['bazel', 'cmake', 'meson', 'python']
[2.852s] Level 1:colcon.colcon_core.package_identification:_identify(.) by extension 'bazel'
[2.853s] Level 1:colcon.colcon_core.package_identification:_identify(.) by extension 'cmake'
[2.853s] Level 1:colcon.colcon_core.package_identification:_identify(.) by extension 'meson'
[2.853s] Level 1:colcon.colcon_core.package_identification:_identify(.) by extension 'python'
[2.854s] Level 1:colcon.colcon_core.package_identification:_identify(.) by extensions ['python_setup_py']
[2.854s] Level 1:colcon.colcon_core.package_identification:_identify(.) by extension 'python_setup_py'
[2.855s] Level 1:colcon.colcon_core.package_identification:_identify(build) by extensions ['ignore', 'ignore_ament_install']
[2.855s] Level 1:colcon.colcon_core.package_identification:_identify(build) by extension 'ignore'
[2.855s] Level 1:colcon.colcon_core.package_identification:_identify(build) ignored
[2.856s] Level 1:colcon.colcon_core.package_identification:_identify(install) by extensions ['ignore', 'ignore_ament_install']
[2.857s] Level 1:colcon.colcon_core.package_identification:_identify(install) by extension 'ignore'
[2.857s] Level 1:colcon.colcon_core.package_identification:_identify(install) ignored
[2.857s] Level 1:colcon.colcon_core.package_identification:_identify(log) by extensions ['ignore', 'ignore_ament_install']
[2.858s] Level 1:colcon.colcon_core.package_identification:_identify(log) by extension 'ignore'
[2.858s] Level 1:colcon.colcon_core.package_identification:_identify(log) ignored
[2.858s] Level 1:colcon.colcon_core.package_identification:_identify(src) by extensions ['ignore', 'ignore_ament_install']
[2.859s] Level 1:colcon.colcon_core.package_identification:_identify(src) by extension 'ignore'
[2.859s] Level 1:colcon.colcon_core.package_identification:_identify(src) by extension 'ignore_ament_install'
[2.859s] Level 1:colcon.colcon_core.package_identification:_identify(src) by extensions ['colcon_pkg']
[2.860s] Level 1:colcon.colcon_core.package_identification:_identify(src) by extension 'colcon_pkg'
[2.860s] Level 1:colcon.colcon_core.package_identification:_identify(src) by extensions ['colcon_meta']
[2.860s] Level 1:colcon.colcon_core.package_identification:_identify(src) by extension 'colcon_meta'
[2.860s] Level 1:colcon.colcon_core.package_identification:_identify(src) by extensions ['ros']
[2.861s] Level 1:colcon.colcon_core.package_identification:_identify(src) by extension 'ros'
[2.861s] Level 1:colcon.colcon_core.package_identification:_identify(src) by extensions ['bazel', 'cmake', 'meson', 'python']
[2.861s] Level 1:colcon.colcon_core.package_identification:_identify(src) by extension 'bazel'
[2.862s] Level 1:colcon.colcon_core.package_identification:_identify(src) by extension 'cmake'
[2.862s] Level 1:colcon.colcon_core.package_identification:_identify(src) by extension 'meson'
[2.862s] Level 1:colcon.colcon_core.package_identification:_identify(src) by extension 'python'
[2.862s] Level 1:colcon.colcon_core.package_identification:_identify(src) by extensions ['python_setup_py']
[2.863s] Level 1:colcon.colcon_core.package_identification:_identify(src) by extension 'python_setup_py'
[2.863s] Level 1:colcon.colcon_core.package_identification:_identify(src/face_recog) by extensions ['ignore', 'ignore_ament_install']
[2.864s] Level 1:colcon.colcon_core.package_identification:_identify(src/face_recog) by extension 'ignore'
[2.864s] Level 1:colcon.colcon_core.package_identification:_identify(src/face_recog) by extension 'ignore_ament_install'
[2.864s] Level 1:colcon.colcon_core.package_identification:_identify(src/face_recog) by extensions ['colcon_pkg']
[2.864s] Level 1:colcon.colcon_core.package_identification:_identify(src/face_recog) by extension 'colcon_pkg'
[2.865s] Level 1:colcon.colcon_core.package_identification:_identify(src/face_recog) by extensions ['colcon_meta']
[2.865s] Level 1:colcon.colcon_core.package_identification:_identify(src/face_recog) by extension 'colcon_meta'
[2.865s] Level 1:colcon.colcon_core.package_identification:_identify(src/face_recog) by extensions ['ros']
[2.865s] Level 1:colcon.colcon_core.package_identification:_identify(src/face_recog) by extension 'ros'
[2.880s] DEBUG:colcon.colcon_core.package_identification:Package 'src/face_recog' with type 'ros.ament_python' and name 'face_recog'
[2.880s] Level 1:colcon.colcon_core.package_discovery:discover_packages(recursive) using defaults
[2.881s] Level 1:colcon.colcon_core.package_discovery:discover_packages(ignore) discover
[2.881s] Level 1:colcon.colcon_core.package_discovery:discover_packages(ignore) using defaults
[2.881s] Level 1:colcon.colcon_core.package_discovery:discover_packages(path) discover
[2.881s] Level 1:colcon.colcon_core.package_discovery:discover_packages(path) using defaults
[2.976s] Level 1:colcon.colcon_core.package_discovery:discover_packages(prefix_path) check parameters
[2.977s] Level 1:colcon.colcon_core.package_discovery:discover_packages(prefix_path) discover
[2.991s] DEBUG:colcon.colcon_installed_package_information.package_discovery:Found 15 installed packages in /userdata/dev_ws/install
[2.995s] DEBUG:colcon.colcon_installed_package_information.package_discovery:Found 55 installed packages in /opt/tros/humble
[3.005s] DEBUG:colcon.colcon_installed_package_information.package_discovery:Found 266 installed packages in /opt/ros/humble
[3.017s] Level 1:colcon.colcon_core.package_discovery:discover_packages(prefix_path) using defaults
[3.373s] Level 5:colcon.colcon_core.verb:set package 'face_recog' build argument 'bazel_args' from command line to 'None'
[3.373s] Level 5:colcon.colcon_core.verb:set package 'face_recog' build argument 'bazel_task' from command line to 'None'
[3.373s] Level 5:colcon.colcon_core.verb:set package 'face_recog' build argument 'cmake_args' from command line to 'None'
[3.374s] Level 5:colcon.colcon_core.verb:set package 'face_recog' build argument 'cmake_target' from command line to 'None'
[3.374s] Level 5:colcon.colcon_core.verb:set package 'face_recog' build argument 'cmake_target_skip_unavailable' from command line to 'False'
[3.374s] Level 5:colcon.colcon_core.verb:set package 'face_recog' build argument 'cmake_clean_cache' from command line to 'False'
[3.374s] Level 5:colcon.colcon_core.verb:set package 'face_recog' build argument 'cmake_clean_first' from command line to 'False'
[3.374s] Level 5:colcon.colcon_core.verb:set package 'face_recog' build argument 'cmake_force_configure' from command line to 'False'
[3.375s] Level 5:colcon.colcon_core.verb:set package 'face_recog' build argument 'meson_args' from command line to '[]'
[3.375s] Level 5:colcon.colcon_core.verb:set package 'face_recog' build argument 'ament_cmake_args' from command line to 'None'
[3.375s] Level 5:colcon.colcon_core.verb:set package 'face_recog' build argument 'catkin_cmake_args' from command line to 'None'
[3.375s] Level 5:colcon.colcon_core.verb:set package 'face_recog' build argument 'catkin_skip_building_tests' from command line to 'False'
[3.376s] DEBUG:colcon.colcon_core.verb:Building package 'face_recog' with the following arguments: {'ament_cmake_args': None, 'bazel_args': None, 'bazel_task': None, 'build_base': '/root/face_ws/face_recog/build/face_recog', 'catkin_cmake_args': None, 'catkin_skip_building_tests': False, 'cmake_args': None, 'cmake_clean_cache': False, 'cmake_clean_first': False, 'cmake_force_configure': False, 'cmake_target': None, 'cmake_target_skip_unavailable': False, 'install_base': '/root/face_ws/face_recog/install/face_recog', 'merge_install': False, 'meson_args': [], 'path': '/root/face_ws/face_recog/src/face_recog', 'symlink_install': False, 'test_result_base': None}
[3.377s] INFO:colcon.colcon_core.executor:Executing jobs using 'parallel' executor
[3.382s] DEBUG:colcon.colcon_parallel_executor.executor.parallel:run_until_complete
[3.383s] INFO:colcon.colcon_ros.task.ament_python.build:Building ROS package in '/root/face_ws/face_recog/src/face_recog' with build type 'ament_python'
[3.384s] Level 1:colcon.colcon_core.shell:create_environment_hook('face_recog', 'ament_prefix_path')
[3.398s] INFO:colcon.colcon_core.plugin_system:Skipping extension 'colcon_core.shell.bat': Not used on non-Windows systems
[3.399s] INFO:colcon.colcon_core.shell:Creating environment hook '/root/face_ws/face_recog/install/face_recog/share/face_recog/hook/ament_prefix_path.ps1'
[3.403s] INFO:colcon.colcon_core.shell:Creating environment descriptor '/root/face_ws/face_recog/install/face_recog/share/face_recog/hook/ament_prefix_path.dsv'
[3.406s] INFO:colcon.colcon_core.shell:Creating environment hook '/root/face_ws/face_recog/install/face_recog/share/face_recog/hook/ament_prefix_path.sh'
[3.411s] DEBUG:colcon.colcon_ros_domain_id_coordinator.shell.ros_domain_id:Allocated ROS_DOMAIN_ID=10 for '/root/face_ws/face_recog/build/face_recog'
[3.411s] INFO:colcon.colcon_core.shell:Skip shell extension 'ros_domain_id' for command environment: 
[3.412s] INFO:colcon.colcon_core.shell:Skip shell extension 'powershell' for command environment: Not usable outside of PowerShell
[3.412s] DEBUG:colcon.colcon_core.shell:Skip shell extension 'dsv' for command environment
[5.172s] WARNING:colcon.colcon_ros.task.ament_python.build:Package 'face_recog' doesn't explicitly install the 'package.xml' file (colcon-ros currently does it implicitly but that fallback will be removed in the future)
[5.173s] INFO:colcon.colcon_core.task.python.build:Building Python package in '/root/face_ws/face_recog/src/face_recog'
[5.175s] DEBUG:colcon.colcon_ros_domain_id_coordinator.shell.ros_domain_id:Allocated ROS_DOMAIN_ID=10 for '/root/face_ws/face_recog/build/face_recog'
[5.176s] INFO:colcon.colcon_core.shell:Skip shell extension 'ros_domain_id' for command environment: 
[5.176s] INFO:colcon.colcon_core.shell:Skip shell extension 'powershell' for command environment: Not usable outside of PowerShell
[5.176s] DEBUG:colcon.colcon_core.shell:Skip shell extension 'dsv' for command environment
[7.500s] DEBUG:colcon.colcon_core.event_handler.log_command:Invoking command in '/root/face_ws/face_recog/src/face_recog': PYTHONPATH=/root/face_ws/face_recog/build/face_recog/prefix_override:/usr/lib/python3/dist-packages/colcon_core/task/python/colcon_distutils_commands:/root/face_ws/face_recog/install/face_recog/lib/python3.10/site-packages:${PYTHONPATH} /usr/bin/python3 -W ignore:setup.py install is deprecated -W ignore:easy_install command is deprecated setup.py egg_info --egg-base ../../build/face_recog build --build-base /root/face_ws/face_recog/build/face_recog/build install --record /root/face_ws/face_recog/build/face_recog/install.log --single-version-externally-managed install_data
[9.285s] DEBUG:colcon.colcon_core.event_handler.log_command:Invoked command in '/root/face_ws/face_recog/src/face_recog' returned '1': PYTHONPATH=/root/face_ws/face_recog/build/face_recog/prefix_override:/usr/lib/python3/dist-packages/colcon_core/task/python/colcon_distutils_commands:/root/face_ws/face_recog/install/face_recog/lib/python3.10/site-packages:${PYTHONPATH} /usr/bin/python3 -W ignore:setup.py install is deprecated -W ignore:easy_install command is deprecated setup.py egg_info --egg-base ../../build/face_recog build --build-base /root/face_ws/face_recog/build/face_recog/build install --record /root/face_ws/face_recog/build/face_recog/install.log --single-version-externally-managed install_data
[9.286s] DEBUG:colcon.colcon_ros_domain_id_coordinator.shell.ros_domain_id:Released ROS_DOMAIN_ID=10 for '/root/face_ws/face_recog/build/face_recog'
[9.294s] DEBUG:colcon.colcon_parallel_executor.executor.parallel:closing loop
[9.295s] DEBUG:colcon.colcon_parallel_executor.executor.parallel:loop closed
[9.296s] DEBUG:colcon.colcon_parallel_executor.executor.parallel:run_until_complete finished with '1'
[9.296s] DEBUG:colcon.colcon_core.event_reactor:joining thread
[9.324s] INFO:colcon.colcon_core.plugin_system:Skipping extension 'colcon_notification.desktop_notification.notify_send': Could not find 'notify-send'
[9.324s] INFO:colcon.colcon_core.plugin_system:Skipping extension 'colcon_notification.desktop_notification.terminal_notifier': Not used on non-Darwin systems
[9.325s] INFO:colcon.colcon_core.plugin_system:Skipping extension 'colcon_notification.desktop_notification.win32': Not used on non-Windows systems
[9.325s] INFO:colcon.colcon_notification.desktop_notification:Sending desktop notification using 'notify2'
