running egg_info
writing ../../build/face_rec/face_rec.egg-info/PKG-INFO
writing dependency_links to ../../build/face_rec/face_rec.egg-info/dependency_links.txt
writing entry points to ../../build/face_rec/face_rec.egg-info/entry_points.txt
writing requirements to ../../build/face_rec/face_rec.egg-info/requires.txt
writing top-level names to ../../build/face_rec/face_rec.egg-info/top_level.txt
reading manifest file '../../build/face_rec/face_rec.egg-info/SOURCES.txt'
writing manifest file '../../build/face_rec/face_rec.egg-info/SOURCES.txt'
running build
running build_py
copying face_rec/face_recognition_node.py -> /home/sunrise/doraemon/build/face_rec/build/lib/face_rec
running install
running install_lib
copying /home/sunrise/doraemon/build/face_rec/build/lib/face_rec/face_recognition_node.py -> /home/sunrise/doraemon/install/face_rec/lib/python3.10/site-packages/face_rec
byte-compiling /home/sunrise/doraemon/install/face_rec/lib/python3.10/site-packages/face_rec/face_recognition_node.py to face_recognition_node.cpython-310.pyc
running install_data
running install_egg_info
removing '/home/sunrise/doraemon/install/face_rec/lib/python3.10/site-packages/face_rec-0.0.0-py3.10.egg-info' (and everything under it)
Copying ../../build/face_rec/face_rec.egg-info to /home/sunrise/doraemon/install/face_rec/lib/python3.10/site-packages/face_rec-0.0.0-py3.10.egg-info
running install_scripts
Installing face_dataset_node script to /home/sunrise/doraemon/install/face_rec/lib/FaceRec
Installing face_recognition_node script to /home/sunrise/doraemon/install/face_rec/lib/FaceRec
Installing face_training_node script to /home/sunrise/doraemon/install/face_rec/lib/FaceRec
writing list of installed files to '/home/sunrise/doraemon/build/face_rec/install.log'
