[2.256s] DEBUG:colcon:Command line arguments: ['/usr/bin/colcon', 'build']
[2.257s] DEBUG:colcon:Parsed command line arguments: Namespace(log_base=None, log_level=None, verb_name='build', build_base='build', install_base='install', merge_install=False, symlink_install=False, test_result_base=None, continue_on_error=False, executor='parallel', parallel_workers=8, event_handlers=None, ignore_user_meta=False, metas=['./colcon.meta'], base_paths=['.'], packages_ignore=None, packages_ignore_regex=None, paths=None, packages_up_to=None, packages_up_to_regex=None, packages_above=None, packages_above_and_dependencies=None, packages_above_depth=None, packages_select_by_dep=None, packages_skip_by_dep=None, packages_skip_up_to=None, packages_select_build_failed=False, packages_skip_build_finished=False, packages_select_test_failures=False, packages_skip_test_passed=False, packages_select=None, packages_skip=None, packages_select_regex=None, packages_skip_regex=None, packages_start=None, packages_end=None, allow_overriding=[], bazel_args=None, bazel_task=None, cmake_args=None, cmake_target=None, cmake_target_skip_unavailable=False, cmake_clean_cache=False, cmake_clean_first=False, cmake_force_configure=False, meson_args=[], ament_cmake_args=None, catkin_cmake_args=None, catkin_skip_building_tests=False, mixin_files=None, mixin=None, verb_parser=<colcon_alias.argument_parser.alias.AliasArgumentDecorator object at 0xffffb36f0a30>, verb_extension=<colcon_core.verb.build.BuildVerb object at 0xffffb38e7c40>, main=<bound method BuildVerb.main of <colcon_core.verb.build.BuildVerb object at 0xffffb38e7c40>>, mixin_verb=('build',))
[3.607s] Level 1:colcon.colcon_core.package_discovery:discover_packages(colcon_meta) check parameters
[3.608s] Level 1:colcon.colcon_core.package_discovery:discover_packages(recursive) check parameters
[3.608s] Level 1:colcon.colcon_core.package_discovery:discover_packages(ignore) check parameters
[3.609s] Level 1:colcon.colcon_core.package_discovery:discover_packages(path) check parameters
[3.609s] Level 1:colcon.colcon_core.package_discovery:discover_packages(colcon_meta) discover
[3.609s] Level 1:colcon.colcon_core.package_discovery:discover_packages(recursive) discover
[3.609s] INFO:colcon.colcon_core.package_discovery:Crawling recursively for packages in '/root/hand_reader'
[3.610s] Level 1:colcon.colcon_core.package_identification:_identify(.) by extensions ['ignore', 'ignore_ament_install']
[3.610s] Level 1:colcon.colcon_core.package_identification:_identify(.) by extension 'ignore'
[3.611s] Level 1:colcon.colcon_core.package_identification:_identify(.) by extension 'ignore_ament_install'
[3.611s] Level 1:colcon.colcon_core.package_identification:_identify(.) by extensions ['colcon_pkg']
[3.611s] Level 1:colcon.colcon_core.package_identification:_identify(.) by extension 'colcon_pkg'
[3.611s] Level 1:colcon.colcon_core.package_identification:_identify(.) by extensions ['colcon_meta']
[3.612s] Level 1:colcon.colcon_core.package_identification:_identify(.) by extension 'colcon_meta'
[3.612s] Level 1:colcon.colcon_core.package_identification:_identify(.) by extensions ['ros']
[3.612s] Level 1:colcon.colcon_core.package_identification:_identify(.) by extension 'ros'
[3.627s] Level 1:colcon.colcon_core.package_identification:_identify(.) by extensions ['bazel', 'cmake', 'meson', 'python']
[3.627s] Level 1:colcon.colcon_core.package_identification:_identify(.) by extension 'bazel'
[3.628s] Level 1:colcon.colcon_core.package_identification:_identify(.) by extension 'cmake'
[3.628s] Level 1:colcon.colcon_core.package_identification:_identify(.) by extension 'meson'
[3.628s] Level 1:colcon.colcon_core.package_identification:_identify(.) by extension 'python'
[3.629s] Level 1:colcon.colcon_core.package_identification:_identify(.) by extensions ['python_setup_py']
[3.629s] Level 1:colcon.colcon_core.package_identification:_identify(.) by extension 'python_setup_py'
[3.629s] Level 1:colcon.colcon_core.package_identification:_identify(build) by extensions ['ignore', 'ignore_ament_install']
[3.630s] Level 1:colcon.colcon_core.package_identification:_identify(build) by extension 'ignore'
[3.630s] Level 1:colcon.colcon_core.package_identification:_identify(build) ignored
[3.631s] Level 1:colcon.colcon_core.package_identification:_identify(install) by extensions ['ignore', 'ignore_ament_install']
[3.631s] Level 1:colcon.colcon_core.package_identification:_identify(install) by extension 'ignore'
[3.631s] Level 1:colcon.colcon_core.package_identification:_identify(install) ignored
[3.632s] Level 1:colcon.colcon_core.package_identification:_identify(log) by extensions ['ignore', 'ignore_ament_install']
[3.632s] Level 1:colcon.colcon_core.package_identification:_identify(log) by extension 'ignore'
[3.632s] Level 1:colcon.colcon_core.package_identification:_identify(log) ignored
[3.633s] Level 1:colcon.colcon_core.package_identification:_identify(src) by extensions ['ignore', 'ignore_ament_install']
[3.633s] Level 1:colcon.colcon_core.package_identification:_identify(src) by extension 'ignore'
[3.633s] Level 1:colcon.colcon_core.package_identification:_identify(src) by extension 'ignore_ament_install'
[3.634s] Level 1:colcon.colcon_core.package_identification:_identify(src) by extensions ['colcon_pkg']
[3.634s] Level 1:colcon.colcon_core.package_identification:_identify(src) by extension 'colcon_pkg'
[3.634s] Level 1:colcon.colcon_core.package_identification:_identify(src) by extensions ['colcon_meta']
[3.634s] Level 1:colcon.colcon_core.package_identification:_identify(src) by extension 'colcon_meta'
[3.635s] Level 1:colcon.colcon_core.package_identification:_identify(src) by extensions ['ros']
[3.635s] Level 1:colcon.colcon_core.package_identification:_identify(src) by extension 'ros'
[3.635s] Level 1:colcon.colcon_core.package_identification:_identify(src) by extensions ['bazel', 'cmake', 'meson', 'python']
[3.635s] Level 1:colcon.colcon_core.package_identification:_identify(src) by extension 'bazel'
[3.636s] Level 1:colcon.colcon_core.package_identification:_identify(src) by extension 'cmake'
[3.636s] Level 1:colcon.colcon_core.package_identification:_identify(src) by extension 'meson'
[3.636s] Level 1:colcon.colcon_core.package_identification:_identify(src) by extension 'python'
[3.637s] Level 1:colcon.colcon_core.package_identification:_identify(src) by extensions ['python_setup_py']
[3.637s] Level 1:colcon.colcon_core.package_identification:_identify(src) by extension 'python_setup_py'
[3.637s] Level 1:colcon.colcon_core.package_identification:_identify(src/hand_reader) by extensions ['ignore', 'ignore_ament_install']
[3.638s] Level 1:colcon.colcon_core.package_identification:_identify(src/hand_reader) by extension 'ignore'
[3.638s] Level 1:colcon.colcon_core.package_identification:_identify(src/hand_reader) by extension 'ignore_ament_install'
[3.638s] Level 1:colcon.colcon_core.package_identification:_identify(src/hand_reader) by extensions ['colcon_pkg']
[3.639s] Level 1:colcon.colcon_core.package_identification:_identify(src/hand_reader) by extension 'colcon_pkg'
[3.639s] Level 1:colcon.colcon_core.package_identification:_identify(src/hand_reader) by extensions ['colcon_meta']
[3.639s] Level 1:colcon.colcon_core.package_identification:_identify(src/hand_reader) by extension 'colcon_meta'
[3.639s] Level 1:colcon.colcon_core.package_identification:_identify(src/hand_reader) by extensions ['ros']
[3.639s] Level 1:colcon.colcon_core.package_identification:_identify(src/hand_reader) by extension 'ros'
[3.666s] DEBUG:colcon.colcon_core.package_identification:Package 'src/hand_reader' with type 'ros.ament_python' and name 'hand_reader'
[3.666s] Level 1:colcon.colcon_core.package_discovery:discover_packages(recursive) using defaults
[3.666s] Level 1:colcon.colcon_core.package_discovery:discover_packages(ignore) discover
[3.666s] Level 1:colcon.colcon_core.package_discovery:discover_packages(ignore) using defaults
[3.667s] Level 1:colcon.colcon_core.package_discovery:discover_packages(path) discover
[3.667s] Level 1:colcon.colcon_core.package_discovery:discover_packages(path) using defaults
[3.774s] Level 1:colcon.colcon_core.package_discovery:discover_packages(prefix_path) check parameters
[3.774s] Level 1:colcon.colcon_core.package_discovery:discover_packages(prefix_path) discover
[3.795s] DEBUG:colcon.colcon_installed_package_information.package_discovery:Found 15 installed packages in /userdata/dev_ws/install
[3.798s] DEBUG:colcon.colcon_installed_package_information.package_discovery:Found 55 installed packages in /opt/tros/humble
[3.808s] DEBUG:colcon.colcon_installed_package_information.package_discovery:Found 266 installed packages in /opt/ros/humble
[3.819s] Level 1:colcon.colcon_core.package_discovery:discover_packages(prefix_path) using defaults
[4.169s] Level 5:colcon.colcon_core.verb:set package 'hand_reader' build argument 'bazel_args' from command line to 'None'
[4.169s] Level 5:colcon.colcon_core.verb:set package 'hand_reader' build argument 'bazel_task' from command line to 'None'
[4.170s] Level 5:colcon.colcon_core.verb:set package 'hand_reader' build argument 'cmake_args' from command line to 'None'
[4.170s] Level 5:colcon.colcon_core.verb:set package 'hand_reader' build argument 'cmake_target' from command line to 'None'
[4.170s] Level 5:colcon.colcon_core.verb:set package 'hand_reader' build argument 'cmake_target_skip_unavailable' from command line to 'False'
[4.170s] Level 5:colcon.colcon_core.verb:set package 'hand_reader' build argument 'cmake_clean_cache' from command line to 'False'
[4.170s] Level 5:colcon.colcon_core.verb:set package 'hand_reader' build argument 'cmake_clean_first' from command line to 'False'
[4.170s] Level 5:colcon.colcon_core.verb:set package 'hand_reader' build argument 'cmake_force_configure' from command line to 'False'
[4.171s] Level 5:colcon.colcon_core.verb:set package 'hand_reader' build argument 'meson_args' from command line to '[]'
[4.171s] Level 5:colcon.colcon_core.verb:set package 'hand_reader' build argument 'ament_cmake_args' from command line to 'None'
[4.171s] Level 5:colcon.colcon_core.verb:set package 'hand_reader' build argument 'catkin_cmake_args' from command line to 'None'
[4.171s] Level 5:colcon.colcon_core.verb:set package 'hand_reader' build argument 'catkin_skip_building_tests' from command line to 'False'
[4.171s] DEBUG:colcon.colcon_core.verb:Building package 'hand_reader' with the following arguments: {'ament_cmake_args': None, 'bazel_args': None, 'bazel_task': None, 'build_base': '/root/hand_reader/build/hand_reader', 'catkin_cmake_args': None, 'catkin_skip_building_tests': False, 'cmake_args': None, 'cmake_clean_cache': False, 'cmake_clean_first': False, 'cmake_force_configure': False, 'cmake_target': None, 'cmake_target_skip_unavailable': False, 'install_base': '/root/hand_reader/install/hand_reader', 'merge_install': False, 'meson_args': [], 'path': '/root/hand_reader/src/hand_reader', 'symlink_install': False, 'test_result_base': None}
[4.172s] INFO:colcon.colcon_core.executor:Executing jobs using 'parallel' executor
[4.177s] DEBUG:colcon.colcon_parallel_executor.executor.parallel:run_until_complete
[4.178s] INFO:colcon.colcon_ros.task.ament_python.build:Building ROS package in '/root/hand_reader/src/hand_reader' with build type 'ament_python'
[4.179s] Level 1:colcon.colcon_core.shell:create_environment_hook('hand_reader', 'ament_prefix_path')
[4.202s] INFO:colcon.colcon_core.plugin_system:Skipping extension 'colcon_core.shell.bat': Not used on non-Windows systems
[4.203s] INFO:colcon.colcon_core.shell:Creating environment hook '/root/hand_reader/install/hand_reader/share/hand_reader/hook/ament_prefix_path.ps1'
[4.209s] INFO:colcon.colcon_core.shell:Creating environment descriptor '/root/hand_reader/install/hand_reader/share/hand_reader/hook/ament_prefix_path.dsv'
[4.212s] INFO:colcon.colcon_core.shell:Creating environment hook '/root/hand_reader/install/hand_reader/share/hand_reader/hook/ament_prefix_path.sh'
[4.217s] DEBUG:colcon.colcon_ros_domain_id_coordinator.shell.ros_domain_id:Allocated ROS_DOMAIN_ID=13 for '/root/hand_reader/build/hand_reader'
[4.218s] INFO:colcon.colcon_core.shell:Skip shell extension 'ros_domain_id' for command environment: 
[4.218s] INFO:colcon.colcon_core.shell:Skip shell extension 'powershell' for command environment: Not usable outside of PowerShell
[4.218s] DEBUG:colcon.colcon_core.shell:Skip shell extension 'dsv' for command environment
[5.905s] INFO:colcon.colcon_core.task.python.build:Building Python package in '/root/hand_reader/src/hand_reader'
[5.907s] DEBUG:colcon.colcon_ros_domain_id_coordinator.shell.ros_domain_id:Allocated ROS_DOMAIN_ID=13 for '/root/hand_reader/build/hand_reader'
[5.908s] INFO:colcon.colcon_core.shell:Skip shell extension 'ros_domain_id' for command environment: 
[5.908s] INFO:colcon.colcon_core.shell:Skip shell extension 'powershell' for command environment: Not usable outside of PowerShell
[5.908s] DEBUG:colcon.colcon_core.shell:Skip shell extension 'dsv' for command environment
[8.416s] DEBUG:colcon.colcon_core.event_handler.log_command:Invoking command in '/root/hand_reader/src/hand_reader': PYTHONPATH=/root/hand_reader/build/hand_reader/prefix_override:/usr/lib/python3/dist-packages/colcon_core/task/python/colcon_distutils_commands:/root/hand_reader/install/hand_reader/lib/python3.10/site-packages:${PYTHONPATH} /usr/bin/python3 -W ignore:setup.py install is deprecated -W ignore:easy_install command is deprecated setup.py egg_info --egg-base ../../build/hand_reader build --build-base /root/hand_reader/build/hand_reader/build install --record /root/hand_reader/build/hand_reader/install.log --single-version-externally-managed install_data
[10.263s] DEBUG:colcon.colcon_core.event_handler.log_command:Invoked command in '/root/hand_reader/src/hand_reader' returned '0': PYTHONPATH=/root/hand_reader/build/hand_reader/prefix_override:/usr/lib/python3/dist-packages/colcon_core/task/python/colcon_distutils_commands:/root/hand_reader/install/hand_reader/lib/python3.10/site-packages:${PYTHONPATH} /usr/bin/python3 -W ignore:setup.py install is deprecated -W ignore:easy_install command is deprecated setup.py egg_info --egg-base ../../build/hand_reader build --build-base /root/hand_reader/build/hand_reader/build install --record /root/hand_reader/build/hand_reader/install.log --single-version-externally-managed install_data
[10.300s] Level 1:colcon.colcon_core.environment:checking '/root/hand_reader/install/hand_reader' for CMake module files
[10.306s] Level 1:colcon.colcon_core.environment:checking '/root/hand_reader/install/hand_reader' for CMake config files
[10.311s] Level 1:colcon.colcon_core.environment:checking '/root/hand_reader/install/hand_reader/lib'
[10.312s] Level 1:colcon.colcon_core.environment:checking '/root/hand_reader/install/hand_reader/bin'
[10.312s] Level 1:colcon.colcon_core.environment:checking '/root/hand_reader/install/hand_reader/lib/pkgconfig/hand_reader.pc'
[10.314s] Level 1:colcon.colcon_core.environment:checking '/root/hand_reader/install/hand_reader/lib/python3.10/site-packages'
[10.314s] Level 1:colcon.colcon_core.shell:create_environment_hook('hand_reader', 'pythonpath')
[10.316s] INFO:colcon.colcon_core.shell:Creating environment hook '/root/hand_reader/install/hand_reader/share/hand_reader/hook/pythonpath.ps1'
[10.319s] INFO:colcon.colcon_core.shell:Creating environment descriptor '/root/hand_reader/install/hand_reader/share/hand_reader/hook/pythonpath.dsv'
[10.321s] INFO:colcon.colcon_core.shell:Creating environment hook '/root/hand_reader/install/hand_reader/share/hand_reader/hook/pythonpath.sh'
[10.324s] Level 1:colcon.colcon_core.environment:checking '/root/hand_reader/install/hand_reader/bin'
[10.325s] Level 1:colcon.colcon_core.environment:create_environment_scripts_only(hand_reader)
[10.327s] INFO:colcon.colcon_core.shell:Creating package script '/root/hand_reader/install/hand_reader/share/hand_reader/package.ps1'
[10.334s] INFO:colcon.colcon_core.shell:Creating package descriptor '/root/hand_reader/install/hand_reader/share/hand_reader/package.dsv'
[10.339s] INFO:colcon.colcon_core.shell:Creating package script '/root/hand_reader/install/hand_reader/share/hand_reader/package.sh'
[10.344s] INFO:colcon.colcon_core.shell:Creating package script '/root/hand_reader/install/hand_reader/share/hand_reader/package.bash'
[10.349s] INFO:colcon.colcon_core.shell:Creating package script '/root/hand_reader/install/hand_reader/share/hand_reader/package.zsh'
[10.355s] Level 1:colcon.colcon_core.environment:create_file_with_runtime_dependencies(/root/hand_reader/install/hand_reader/share/colcon-core/packages/hand_reader)
[10.357s] DEBUG:colcon.colcon_parallel_executor.executor.parallel:closing loop
[10.357s] DEBUG:colcon.colcon_ros_domain_id_coordinator.shell.ros_domain_id:Released ROS_DOMAIN_ID=13 for '/root/hand_reader/build/hand_reader'
[10.359s] DEBUG:colcon.colcon_parallel_executor.executor.parallel:loop closed
[10.359s] DEBUG:colcon.colcon_parallel_executor.executor.parallel:run_until_complete finished with '0'
[10.360s] DEBUG:colcon.colcon_core.event_reactor:joining thread
[10.400s] INFO:colcon.colcon_core.plugin_system:Skipping extension 'colcon_notification.desktop_notification.notify_send': Could not find 'notify-send'
[10.401s] INFO:colcon.colcon_core.plugin_system:Skipping extension 'colcon_notification.desktop_notification.terminal_notifier': Not used on non-Darwin systems
[10.401s] INFO:colcon.colcon_core.plugin_system:Skipping extension 'colcon_notification.desktop_notification.win32': Not used on non-Windows systems
[10.402s] INFO:colcon.colcon_notification.desktop_notification:Sending desktop notification using 'notify2'
[35.498s] DEBUG:colcon.colcon_notification.desktop_notification.notify2:Failed to initialize notify2: org.freedesktop.DBus.Error.NoReply: Did not receive a reply. Possible causes include: the remote application did not send a reply, the message bus security policy blocked the reply, the reply timeout expired, or the network connection was broken.
[35.499s] DEBUG:colcon.colcon_core.event_reactor:joined thread
[35.502s] INFO:colcon.colcon_core.shell:Creating prefix script '/root/hand_reader/install/local_setup.ps1'
[35.515s] INFO:colcon.colcon_core.shell:Creating prefix util module '/root/hand_reader/install/_local_setup_util_ps1.py'
[35.526s] INFO:colcon.colcon_core.shell:Creating prefix chain script '/root/hand_reader/install/setup.ps1'
[35.541s] INFO:colcon.colcon_core.shell:Creating prefix script '/root/hand_reader/install/local_setup.sh'
[35.547s] INFO:colcon.colcon_core.shell:Creating prefix util module '/root/hand_reader/install/_local_setup_util_sh.py'
[35.552s] INFO:colcon.colcon_core.shell:Creating prefix chain script '/root/hand_reader/install/setup.sh'
[35.564s] INFO:colcon.colcon_core.shell:Creating prefix script '/root/hand_reader/install/local_setup.bash'
[35.571s] INFO:colcon.colcon_core.shell:Creating prefix chain script '/root/hand_reader/install/setup.bash'
[35.582s] INFO:colcon.colcon_core.shell:Creating prefix script '/root/hand_reader/install/local_setup.zsh'
[35.589s] INFO:colcon.colcon_core.shell:Creating prefix chain script '/root/hand_reader/install/setup.zsh'
[35.600s] INFO:colcon.colcon_core.shell:Creating '/root/hand_reader/install/spawn_shell.bash'
