[2.539s] DEBUG:colcon:Command line arguments: ['/usr/bin/colcon', 'build']
[2.540s] DEBUG:colcon:Parsed command line arguments: Namespace(log_base=None, log_level=None, verb_name='build', build_base='build', install_base='install', merge_install=False, symlink_install=False, test_result_base=None, continue_on_error=False, executor='parallel', parallel_workers=8, event_handlers=None, ignore_user_meta=False, metas=['./colcon.meta'], base_paths=['.'], packages_ignore=None, packages_ignore_regex=None, paths=None, packages_up_to=None, packages_up_to_regex=None, packages_above=None, packages_above_and_dependencies=None, packages_above_depth=None, packages_select_by_dep=None, packages_skip_by_dep=None, packages_skip_up_to=None, packages_select_build_failed=False, packages_skip_build_finished=False, packages_select_test_failures=False, packages_skip_test_passed=False, packages_select=None, packages_skip=None, packages_select_regex=None, packages_skip_regex=None, packages_start=None, packages_end=None, allow_overriding=[], bazel_args=None, bazel_task=None, cmake_args=None, cmake_target=None, cmake_target_skip_unavailable=False, cmake_clean_cache=False, cmake_clean_first=False, cmake_force_configure=False, meson_args=[], ament_cmake_args=None, catkin_cmake_args=None, catkin_skip_building_tests=False, mixin_files=None, mixin=None, verb_parser=<colcon_alias.argument_parser.alias.AliasArgumentDecorator object at 0xffff7f9e42b0>, verb_extension=<colcon_core.verb.build.BuildVerb object at 0xffff7f9bb3d0>, main=<bound method BuildVerb.main of <colcon_core.verb.build.BuildVerb object at 0xffff7f9bb3d0>>, mixin_verb=('build',))
[4.007s] Level 1:colcon.colcon_core.package_discovery:discover_packages(colcon_meta) check parameters
[4.008s] Level 1:colcon.colcon_core.package_discovery:discover_packages(recursive) check parameters
[4.008s] Level 1:colcon.colcon_core.package_discovery:discover_packages(ignore) check parameters
[4.008s] Level 1:colcon.colcon_core.package_discovery:discover_packages(path) check parameters
[4.009s] Level 1:colcon.colcon_core.package_discovery:discover_packages(colcon_meta) discover
[4.009s] Level 1:colcon.colcon_core.package_discovery:discover_packages(recursive) discover
[4.009s] INFO:colcon.colcon_core.package_discovery:Crawling recursively for packages in '/home/sunrise/doraemon'
[4.010s] Level 1:colcon.colcon_core.package_identification:_identify(.) by extensions ['ignore', 'ignore_ament_install']
[4.010s] Level 1:colcon.colcon_core.package_identification:_identify(.) by extension 'ignore'
[4.011s] Level 1:colcon.colcon_core.package_identification:_identify(.) by extension 'ignore_ament_install'
[4.011s] Level 1:colcon.colcon_core.package_identification:_identify(.) by extensions ['colcon_pkg']
[4.011s] Level 1:colcon.colcon_core.package_identification:_identify(.) by extension 'colcon_pkg'
[4.011s] Level 1:colcon.colcon_core.package_identification:_identify(.) by extensions ['colcon_meta']
[4.012s] Level 1:colcon.colcon_core.package_identification:_identify(.) by extension 'colcon_meta'
[4.012s] Level 1:colcon.colcon_core.package_identification:_identify(.) by extensions ['ros']
[4.012s] Level 1:colcon.colcon_core.package_identification:_identify(.) by extension 'ros'
[4.030s] Level 1:colcon.colcon_core.package_identification:_identify(.) by extensions ['bazel', 'cmake', 'meson', 'python']
[4.030s] Level 1:colcon.colcon_core.package_identification:_identify(.) by extension 'bazel'
[4.030s] Level 1:colcon.colcon_core.package_identification:_identify(.) by extension 'cmake'
[4.031s] Level 1:colcon.colcon_core.package_identification:_identify(.) by extension 'meson'
[4.031s] Level 1:colcon.colcon_core.package_identification:_identify(.) by extension 'python'
[4.031s] Level 1:colcon.colcon_core.package_identification:_identify(.) by extensions ['python_setup_py']
[4.032s] Level 1:colcon.colcon_core.package_identification:_identify(.) by extension 'python_setup_py'
[4.032s] Level 1:colcon.colcon_core.package_identification:_identify(build) by extensions ['ignore', 'ignore_ament_install']
[4.033s] Level 1:colcon.colcon_core.package_identification:_identify(build) by extension 'ignore'
[4.033s] Level 1:colcon.colcon_core.package_identification:_identify(build) ignored
[4.034s] Level 1:colcon.colcon_core.package_identification:_identify(install) by extensions ['ignore', 'ignore_ament_install']
[4.034s] Level 1:colcon.colcon_core.package_identification:_identify(install) by extension 'ignore'
[4.034s] Level 1:colcon.colcon_core.package_identification:_identify(install) ignored
[4.035s] Level 1:colcon.colcon_core.package_identification:_identify(log) by extensions ['ignore', 'ignore_ament_install']
[4.035s] Level 1:colcon.colcon_core.package_identification:_identify(log) by extension 'ignore'
[4.036s] Level 1:colcon.colcon_core.package_identification:_identify(log) ignored
[4.036s] Level 1:colcon.colcon_core.package_identification:_identify(src) by extensions ['ignore', 'ignore_ament_install']
[4.037s] Level 1:colcon.colcon_core.package_identification:_identify(src) by extension 'ignore'
[4.037s] Level 1:colcon.colcon_core.package_identification:_identify(src) by extension 'ignore_ament_install'
[4.037s] Level 1:colcon.colcon_core.package_identification:_identify(src) by extensions ['colcon_pkg']
[4.037s] Level 1:colcon.colcon_core.package_identification:_identify(src) by extension 'colcon_pkg'
[4.038s] Level 1:colcon.colcon_core.package_identification:_identify(src) by extensions ['colcon_meta']
[4.038s] Level 1:colcon.colcon_core.package_identification:_identify(src) by extension 'colcon_meta'
[4.038s] Level 1:colcon.colcon_core.package_identification:_identify(src) by extensions ['ros']
[4.038s] Level 1:colcon.colcon_core.package_identification:_identify(src) by extension 'ros'
[4.039s] Level 1:colcon.colcon_core.package_identification:_identify(src) by extensions ['bazel', 'cmake', 'meson', 'python']
[4.039s] Level 1:colcon.colcon_core.package_identification:_identify(src) by extension 'bazel'
[4.039s] Level 1:colcon.colcon_core.package_identification:_identify(src) by extension 'cmake'
[4.040s] Level 1:colcon.colcon_core.package_identification:_identify(src) by extension 'meson'
[4.040s] Level 1:colcon.colcon_core.package_identification:_identify(src) by extension 'python'
[4.040s] Level 1:colcon.colcon_core.package_identification:_identify(src) by extensions ['python_setup_py']
[4.040s] Level 1:colcon.colcon_core.package_identification:_identify(src) by extension 'python_setup_py'
[4.041s] Level 1:colcon.colcon_core.package_identification:_identify(src/build) by extensions ['ignore', 'ignore_ament_install']
[4.042s] Level 1:colcon.colcon_core.package_identification:_identify(src/build) by extension 'ignore'
[4.042s] Level 1:colcon.colcon_core.package_identification:_identify(src/build) ignored
[4.042s] Level 1:colcon.colcon_core.package_identification:_identify(src/face_rec) by extensions ['ignore', 'ignore_ament_install']
[4.043s] Level 1:colcon.colcon_core.package_identification:_identify(src/face_rec) by extension 'ignore'
[4.043s] Level 1:colcon.colcon_core.package_identification:_identify(src/face_rec) by extension 'ignore_ament_install'
[4.044s] Level 1:colcon.colcon_core.package_identification:_identify(src/face_rec) by extensions ['colcon_pkg']
[4.044s] Level 1:colcon.colcon_core.package_identification:_identify(src/face_rec) by extension 'colcon_pkg'
[4.044s] Level 1:colcon.colcon_core.package_identification:_identify(src/face_rec) by extensions ['colcon_meta']
[4.044s] Level 1:colcon.colcon_core.package_identification:_identify(src/face_rec) by extension 'colcon_meta'
[4.045s] Level 1:colcon.colcon_core.package_identification:_identify(src/face_rec) by extensions ['ros']
[4.045s] Level 1:colcon.colcon_core.package_identification:_identify(src/face_rec) by extension 'ros'
[4.063s] DEBUG:colcon.colcon_core.package_identification:Package 'src/face_rec' with type 'ros.ament_python' and name 'face_rec'
[4.064s] Level 1:colcon.colcon_core.package_identification:_identify(src/install) by extensions ['ignore', 'ignore_ament_install']
[4.064s] Level 1:colcon.colcon_core.package_identification:_identify(src/install) by extension 'ignore'
[4.065s] Level 1:colcon.colcon_core.package_identification:_identify(src/install) ignored
[4.065s] Level 1:colcon.colcon_core.package_identification:_identify(src/log) by extensions ['ignore', 'ignore_ament_install']
[4.066s] Level 1:colcon.colcon_core.package_identification:_identify(src/log) by extension 'ignore'
[4.066s] Level 1:colcon.colcon_core.package_identification:_identify(src/log) ignored
[4.067s] Level 1:colcon.colcon_core.package_identification:_identify(trainer) by extensions ['ignore', 'ignore_ament_install']
[4.067s] Level 1:colcon.colcon_core.package_identification:_identify(trainer) by extension 'ignore'
[4.067s] Level 1:colcon.colcon_core.package_identification:_identify(trainer) by extension 'ignore_ament_install'
[4.068s] Level 1:colcon.colcon_core.package_identification:_identify(trainer) by extensions ['colcon_pkg']
[4.068s] Level 1:colcon.colcon_core.package_identification:_identify(trainer) by extension 'colcon_pkg'
[4.068s] Level 1:colcon.colcon_core.package_identification:_identify(trainer) by extensions ['colcon_meta']
[4.068s] Level 1:colcon.colcon_core.package_identification:_identify(trainer) by extension 'colcon_meta'
[4.069s] Level 1:colcon.colcon_core.package_identification:_identify(trainer) by extensions ['ros']
[4.069s] Level 1:colcon.colcon_core.package_identification:_identify(trainer) by extension 'ros'
[4.069s] Level 1:colcon.colcon_core.package_identification:_identify(trainer) by extensions ['bazel', 'cmake', 'meson', 'python']
[4.070s] Level 1:colcon.colcon_core.package_identification:_identify(trainer) by extension 'bazel'
[4.070s] Level 1:colcon.colcon_core.package_identification:_identify(trainer) by extension 'cmake'
[4.070s] Level 1:colcon.colcon_core.package_identification:_identify(trainer) by extension 'meson'
[4.071s] Level 1:colcon.colcon_core.package_identification:_identify(trainer) by extension 'python'
[4.071s] Level 1:colcon.colcon_core.package_identification:_identify(trainer) by extensions ['python_setup_py']
[4.071s] Level 1:colcon.colcon_core.package_identification:_identify(trainer) by extension 'python_setup_py'
[4.071s] Level 1:colcon.colcon_core.package_discovery:discover_packages(recursive) using defaults
[4.072s] Level 1:colcon.colcon_core.package_discovery:discover_packages(ignore) discover
[4.072s] Level 1:colcon.colcon_core.package_discovery:discover_packages(ignore) using defaults
[4.072s] Level 1:colcon.colcon_core.package_discovery:discover_packages(path) discover
[4.072s] Level 1:colcon.colcon_core.package_discovery:discover_packages(path) using defaults
[4.212s] Level 1:colcon.colcon_core.package_discovery:discover_packages(prefix_path) check parameters
[4.212s] Level 1:colcon.colcon_core.package_discovery:discover_packages(prefix_path) discover
[4.233s] DEBUG:colcon.colcon_installed_package_information.package_discovery:Found 14 installed packages in /userdata/dev_ws/install
[4.236s] DEBUG:colcon.colcon_installed_package_information.package_discovery:Found 35 installed packages in /opt/tros/humble
[4.246s] DEBUG:colcon.colcon_installed_package_information.package_discovery:Found 265 installed packages in /opt/ros/humble
[4.258s] Level 1:colcon.colcon_core.package_discovery:discover_packages(prefix_path) using defaults
[4.635s] Level 5:colcon.colcon_core.verb:set package 'face_rec' build argument 'bazel_args' from command line to 'None'
[4.636s] Level 5:colcon.colcon_core.verb:set package 'face_rec' build argument 'bazel_task' from command line to 'None'
[4.636s] Level 5:colcon.colcon_core.verb:set package 'face_rec' build argument 'cmake_args' from command line to 'None'
[4.636s] Level 5:colcon.colcon_core.verb:set package 'face_rec' build argument 'cmake_target' from command line to 'None'
[4.636s] Level 5:colcon.colcon_core.verb:set package 'face_rec' build argument 'cmake_target_skip_unavailable' from command line to 'False'
[4.637s] Level 5:colcon.colcon_core.verb:set package 'face_rec' build argument 'cmake_clean_cache' from command line to 'False'
[4.637s] Level 5:colcon.colcon_core.verb:set package 'face_rec' build argument 'cmake_clean_first' from command line to 'False'
[4.637s] Level 5:colcon.colcon_core.verb:set package 'face_rec' build argument 'cmake_force_configure' from command line to 'False'
[4.637s] Level 5:colcon.colcon_core.verb:set package 'face_rec' build argument 'meson_args' from command line to '[]'
[4.637s] Level 5:colcon.colcon_core.verb:set package 'face_rec' build argument 'ament_cmake_args' from command line to 'None'
[4.637s] Level 5:colcon.colcon_core.verb:set package 'face_rec' build argument 'catkin_cmake_args' from command line to 'None'
[4.638s] Level 5:colcon.colcon_core.verb:set package 'face_rec' build argument 'catkin_skip_building_tests' from command line to 'False'
[4.638s] DEBUG:colcon.colcon_core.verb:Building package 'face_rec' with the following arguments: {'ament_cmake_args': None, 'bazel_args': None, 'bazel_task': None, 'build_base': '/home/sunrise/doraemon/build/face_rec', 'catkin_cmake_args': None, 'catkin_skip_building_tests': False, 'cmake_args': None, 'cmake_clean_cache': False, 'cmake_clean_first': False, 'cmake_force_configure': False, 'cmake_target': None, 'cmake_target_skip_unavailable': False, 'install_base': '/home/sunrise/doraemon/install/face_rec', 'merge_install': False, 'meson_args': [], 'path': '/home/sunrise/doraemon/src/face_rec', 'symlink_install': False, 'test_result_base': None}
[4.639s] INFO:colcon.colcon_core.executor:Executing jobs using 'parallel' executor
[4.644s] DEBUG:colcon.colcon_parallel_executor.executor.parallel:run_until_complete
[4.646s] INFO:colcon.colcon_ros.task.ament_python.build:Building ROS package in '/home/sunrise/doraemon/src/face_rec' with build type 'ament_python'
[4.647s] Level 1:colcon.colcon_core.shell:create_environment_hook('face_rec', 'ament_prefix_path')
[4.675s] INFO:colcon.colcon_core.plugin_system:Skipping extension 'colcon_core.shell.bat': Not used on non-Windows systems
[4.677s] INFO:colcon.colcon_core.shell:Creating environment hook '/home/sunrise/doraemon/install/face_rec/share/face_rec/hook/ament_prefix_path.ps1'
[4.682s] INFO:colcon.colcon_core.shell:Creating environment descriptor '/home/sunrise/doraemon/install/face_rec/share/face_rec/hook/ament_prefix_path.dsv'
[4.685s] INFO:colcon.colcon_core.shell:Creating environment hook '/home/sunrise/doraemon/install/face_rec/share/face_rec/hook/ament_prefix_path.sh'
[4.691s] DEBUG:colcon.colcon_ros_domain_id_coordinator.shell.ros_domain_id:Allocated ROS_DOMAIN_ID=69 for '/home/sunrise/doraemon/build/face_rec'
[4.691s] INFO:colcon.colcon_core.shell:Skip shell extension 'ros_domain_id' for command environment: 
[4.692s] INFO:colcon.colcon_core.shell:Skip shell extension 'powershell' for command environment: Not usable outside of PowerShell
[4.692s] DEBUG:colcon.colcon_core.shell:Skip shell extension 'dsv' for command environment
[6.463s] WARNING:colcon.colcon_ros.task.ament_python.build:Package 'face_rec' doesn't explicitly install a marker in the package index (colcon-ros currently does it implicitly but that fallback will be removed in the future)
[6.464s] WARNING:colcon.colcon_ros.task.ament_python.build:Package 'face_rec' doesn't explicitly install the 'package.xml' file (colcon-ros currently does it implicitly but that fallback will be removed in the future)
[6.465s] INFO:colcon.colcon_core.task.python.build:Building Python package in '/home/sunrise/doraemon/src/face_rec'
[6.467s] DEBUG:colcon.colcon_ros_domain_id_coordinator.shell.ros_domain_id:Allocated ROS_DOMAIN_ID=69 for '/home/sunrise/doraemon/build/face_rec'
[6.468s] INFO:colcon.colcon_core.shell:Skip shell extension 'ros_domain_id' for command environment: 
[6.468s] INFO:colcon.colcon_core.shell:Skip shell extension 'powershell' for command environment: Not usable outside of PowerShell
[6.468s] DEBUG:colcon.colcon_core.shell:Skip shell extension 'dsv' for command environment
[8.996s] DEBUG:colcon.colcon_core.event_handler.log_command:Invoking command in '/home/sunrise/doraemon/src/face_rec': PYTHONPATH=/home/sunrise/doraemon/build/face_rec/prefix_override:/usr/lib/python3/dist-packages/colcon_core/task/python/colcon_distutils_commands:/home/sunrise/doraemon/install/face_rec/lib/python3.10/site-packages:${PYTHONPATH} /usr/bin/python3 -W ignore:setup.py install is deprecated setup.py egg_info --egg-base ../../build/face_rec build --build-base /home/sunrise/doraemon/build/face_rec/build install --record /home/sunrise/doraemon/build/face_rec/install.log --single-version-externally-managed install_data
[11.005s] DEBUG:colcon.colcon_core.event_handler.log_command:Invoked command in '/home/sunrise/doraemon/src/face_rec' returned '0': PYTHONPATH=/home/sunrise/doraemon/build/face_rec/prefix_override:/usr/lib/python3/dist-packages/colcon_core/task/python/colcon_distutils_commands:/home/sunrise/doraemon/install/face_rec/lib/python3.10/site-packages:${PYTHONPATH} /usr/bin/python3 -W ignore:setup.py install is deprecated setup.py egg_info --egg-base ../../build/face_rec build --build-base /home/sunrise/doraemon/build/face_rec/build install --record /home/sunrise/doraemon/build/face_rec/install.log --single-version-externally-managed install_data
[11.031s] Level 1:colcon.colcon_core.environment:checking '/home/sunrise/doraemon/install/face_rec' for CMake module files
[11.034s] Level 1:colcon.colcon_core.environment:checking '/home/sunrise/doraemon/install/face_rec' for CMake config files
[11.039s] Level 1:colcon.colcon_core.environment:checking '/home/sunrise/doraemon/install/face_rec/lib'
[11.040s] Level 1:colcon.colcon_core.environment:checking '/home/sunrise/doraemon/install/face_rec/bin'
[11.040s] Level 1:colcon.colcon_core.environment:checking '/home/sunrise/doraemon/install/face_rec/lib/pkgconfig/face_rec.pc'
[11.042s] Level 1:colcon.colcon_core.environment:checking '/home/sunrise/doraemon/install/face_rec/lib/python3.10/site-packages'
[11.042s] Level 1:colcon.colcon_core.shell:create_environment_hook('face_rec', 'pythonpath')
[11.044s] INFO:colcon.colcon_core.shell:Creating environment hook '/home/sunrise/doraemon/install/face_rec/share/face_rec/hook/pythonpath.ps1'
[11.046s] INFO:colcon.colcon_core.shell:Creating environment descriptor '/home/sunrise/doraemon/install/face_rec/share/face_rec/hook/pythonpath.dsv'
[11.048s] INFO:colcon.colcon_core.shell:Creating environment hook '/home/sunrise/doraemon/install/face_rec/share/face_rec/hook/pythonpath.sh'
[11.051s] Level 1:colcon.colcon_core.environment:checking '/home/sunrise/doraemon/install/face_rec/bin'
[11.051s] Level 1:colcon.colcon_core.environment:create_environment_scripts_only(face_rec)
[11.054s] INFO:colcon.colcon_core.shell:Creating package script '/home/sunrise/doraemon/install/face_rec/share/face_rec/package.ps1'
[11.061s] INFO:colcon.colcon_core.shell:Creating package descriptor '/home/sunrise/doraemon/install/face_rec/share/face_rec/package.dsv'
[11.065s] INFO:colcon.colcon_core.shell:Creating package script '/home/sunrise/doraemon/install/face_rec/share/face_rec/package.sh'
[11.071s] INFO:colcon.colcon_core.shell:Creating package script '/home/sunrise/doraemon/install/face_rec/share/face_rec/package.bash'
[11.076s] INFO:colcon.colcon_core.shell:Creating package script '/home/sunrise/doraemon/install/face_rec/share/face_rec/package.zsh'
[11.081s] Level 1:colcon.colcon_core.environment:create_file_with_runtime_dependencies(/home/sunrise/doraemon/install/face_rec/share/colcon-core/packages/face_rec)
[11.083s] DEBUG:colcon.colcon_parallel_executor.executor.parallel:closing loop
[11.083s] DEBUG:colcon.colcon_ros_domain_id_coordinator.shell.ros_domain_id:Released ROS_DOMAIN_ID=69 for '/home/sunrise/doraemon/build/face_rec'
[11.085s] DEBUG:colcon.colcon_parallel_executor.executor.parallel:loop closed
[11.085s] DEBUG:colcon.colcon_parallel_executor.executor.parallel:run_until_complete finished with '0'
[11.085s] DEBUG:colcon.colcon_core.event_reactor:joining thread
[11.127s] INFO:colcon.colcon_core.plugin_system:Skipping extension 'colcon_notification.desktop_notification.notify_send': Could not find 'notify-send'
[11.128s] INFO:colcon.colcon_core.plugin_system:Skipping extension 'colcon_notification.desktop_notification.terminal_notifier': Not used on non-Darwin systems
[11.128s] INFO:colcon.colcon_core.plugin_system:Skipping extension 'colcon_notification.desktop_notification.win32': Not used on non-Windows systems
[11.129s] INFO:colcon.colcon_notification.desktop_notification:Sending desktop notification using 'notify2'
[36.254s] DEBUG:colcon.colcon_notification.desktop_notification.notify2:Failed to initialize notify2: org.freedesktop.DBus.Error.NoReply: Did not receive a reply. Possible causes include: the remote application did not send a reply, the message bus security policy blocked the reply, the reply timeout expired, or the network connection was broken.
[36.255s] DEBUG:colcon.colcon_core.event_reactor:joined thread
[36.257s] INFO:colcon.colcon_core.shell:Creating prefix script '/home/sunrise/doraemon/install/local_setup.ps1'
[36.265s] INFO:colcon.colcon_core.shell:Creating prefix util module '/home/sunrise/doraemon/install/_local_setup_util_ps1.py'
[36.275s] INFO:colcon.colcon_core.shell:Creating prefix chain script '/home/sunrise/doraemon/install/setup.ps1'
[36.286s] INFO:colcon.colcon_core.shell:Creating prefix script '/home/sunrise/doraemon/install/local_setup.sh'
[36.290s] INFO:colcon.colcon_core.shell:Creating prefix util module '/home/sunrise/doraemon/install/_local_setup_util_sh.py'
[36.294s] INFO:colcon.colcon_core.shell:Creating prefix chain script '/home/sunrise/doraemon/install/setup.sh'
[36.305s] INFO:colcon.colcon_core.shell:Creating prefix script '/home/sunrise/doraemon/install/local_setup.bash'
[36.313s] INFO:colcon.colcon_core.shell:Creating prefix chain script '/home/sunrise/doraemon/install/setup.bash'
[36.323s] INFO:colcon.colcon_core.shell:Creating prefix script '/home/sunrise/doraemon/install/local_setup.zsh'
[36.330s] INFO:colcon.colcon_core.shell:Creating prefix chain script '/home/sunrise/doraemon/install/setup.zsh'
[36.341s] INFO:colcon.colcon_core.shell:Creating '/home/sunrise/doraemon/install/spawn_shell.bash'
