running egg_info
creating ../../build/face_rec/face_rec.egg-info
writing ../../build/face_rec/face_rec.egg-info/PKG-INFO
writing dependency_links to ../../build/face_rec/face_rec.egg-info/dependency_links.txt
writing entry points to ../../build/face_rec/face_rec.egg-info/entry_points.txt
writing requirements to ../../build/face_rec/face_rec.egg-info/requires.txt
writing top-level names to ../../build/face_rec/face_rec.egg-info/top_level.txt
writing manifest file '../../build/face_rec/face_rec.egg-info/SOURCES.txt'
reading manifest file '../../build/face_rec/face_rec.egg-info/SOURCES.txt'
writing manifest file '../../build/face_rec/face_rec.egg-info/SOURCES.txt'
running build
running build_py
creating /home/sunrise/doraemon/build/face_rec/build
creating /home/sunrise/doraemon/build/face_rec/build/lib
creating /home/sunrise/doraemon/build/face_rec/build/lib/face_rec
copying face_rec/face_training_node.py -> /home/sunrise/doraemon/build/face_rec/build/lib/face_rec
copying face_rec/face_recognition_node.py -> /home/sunrise/doraemon/build/face_rec/build/lib/face_rec
copying face_rec/face_dataset_node.py -> /home/sunrise/doraemon/build/face_rec/build/lib/face_rec
copying face_rec/__init__.py -> /home/sunrise/doraemon/build/face_rec/build/lib/face_rec
running install
running install_lib
creating /home/sunrise/doraemon/install/face_rec/lib/python3.10/site-packages/face_rec
copying /home/sunrise/doraemon/build/face_rec/build/lib/face_rec/face_training_node.py -> /home/sunrise/doraemon/install/face_rec/lib/python3.10/site-packages/face_rec
copying /home/sunrise/doraemon/build/face_rec/build/lib/face_rec/face_recognition_node.py -> /home/sunrise/doraemon/install/face_rec/lib/python3.10/site-packages/face_rec
copying /home/sunrise/doraemon/build/face_rec/build/lib/face_rec/face_dataset_node.py -> /home/sunrise/doraemon/install/face_rec/lib/python3.10/site-packages/face_rec
copying /home/sunrise/doraemon/build/face_rec/build/lib/face_rec/__init__.py -> /home/sunrise/doraemon/install/face_rec/lib/python3.10/site-packages/face_rec
byte-compiling /home/sunrise/doraemon/install/face_rec/lib/python3.10/site-packages/face_rec/face_training_node.py to face_training_node.cpython-310.pyc
byte-compiling /home/sunrise/doraemon/install/face_rec/lib/python3.10/site-packages/face_rec/face_recognition_node.py to face_recognition_node.cpython-310.pyc
byte-compiling /home/sunrise/doraemon/install/face_rec/lib/python3.10/site-packages/face_rec/face_dataset_node.py to face_dataset_node.cpython-310.pyc
byte-compiling /home/sunrise/doraemon/install/face_rec/lib/python3.10/site-packages/face_rec/__init__.py to __init__.cpython-310.pyc
running install_data
copying face_rec/haarcascade_frontalface_default.xml -> /home/sunrise/doraemon/install/face_rec/share/face_rec
creating /home/sunrise/doraemon/install/face_rec/share/face_rec/trainer
copying face_rec/trainer/trainer.yml -> /home/sunrise/doraemon/install/face_rec/share/face_rec/trainer
creating /home/sunrise/doraemon/install/face_rec/share/face_rec/dataset
copying face_rec/dataset/User.1.17.jpg -> /home/sunrise/doraemon/install/face_rec/share/face_rec/dataset
copying face_rec/dataset/User.1.18.jpg -> /home/sunrise/doraemon/install/face_rec/share/face_rec/dataset
copying face_rec/dataset/User.2.1.jpg -> /home/sunrise/doraemon/install/face_rec/share/face_rec/dataset
copying face_rec/dataset/User.2.11.jpg -> /home/sunrise/doraemon/install/face_rec/share/face_rec/dataset
copying face_rec/dataset/User.1.2.jpg -> /home/sunrise/doraemon/install/face_rec/share/face_rec/dataset
copying face_rec/dataset/User.2.16.jpg -> /home/sunrise/doraemon/install/face_rec/share/face_rec/dataset
copying face_rec/dataset/User.1.3.jpg -> /home/sunrise/doraemon/install/face_rec/share/face_rec/dataset
copying face_rec/dataset/User.1.28.jpg -> /home/sunrise/doraemon/install/face_rec/share/face_rec/dataset
copying face_rec/dataset/User.2.14.jpg -> /home/sunrise/doraemon/install/face_rec/share/face_rec/dataset
copying face_rec/dataset/User.1.13.jpg -> /home/sunrise/doraemon/install/face_rec/share/face_rec/dataset
copying face_rec/dataset/User.1.25.jpg -> /home/sunrise/doraemon/install/face_rec/share/face_rec/dataset
copying face_rec/dataset/User.2.10.jpg -> /home/sunrise/doraemon/install/face_rec/share/face_rec/dataset
copying face_rec/dataset/User.2.8.jpg -> /home/sunrise/doraemon/install/face_rec/share/face_rec/dataset
copying face_rec/dataset/User.1.30.jpg -> /home/sunrise/doraemon/install/face_rec/share/face_rec/dataset
copying face_rec/dataset/User.2.27.jpg -> /home/sunrise/doraemon/install/face_rec/share/face_rec/dataset
copying face_rec/dataset/User.2.6.jpg -> /home/sunrise/doraemon/install/face_rec/share/face_rec/dataset
copying face_rec/dataset/User.2.18.jpg -> /home/sunrise/doraemon/install/face_rec/share/face_rec/dataset
copying face_rec/dataset/User.2.30.jpg -> /home/sunrise/doraemon/install/face_rec/share/face_rec/dataset
copying face_rec/dataset/User.2.2.jpg -> /home/sunrise/doraemon/install/face_rec/share/face_rec/dataset
copying face_rec/dataset/User.2.12.jpg -> /home/sunrise/doraemon/install/face_rec/share/face_rec/dataset
copying face_rec/dataset/User.1.24.jpg -> /home/sunrise/doraemon/install/face_rec/share/face_rec/dataset
copying face_rec/dataset/User.1.15.jpg -> /home/sunrise/doraemon/install/face_rec/share/face_rec/dataset
copying face_rec/dataset/User.2.28.jpg -> /home/sunrise/doraemon/install/face_rec/share/face_rec/dataset
copying face_rec/dataset/User.2.17.jpg -> /home/sunrise/doraemon/install/face_rec/share/face_rec/dataset
copying face_rec/dataset/User.1.27.jpg -> /home/sunrise/doraemon/install/face_rec/share/face_rec/dataset
copying face_rec/dataset/User.1.6.jpg -> /home/sunrise/doraemon/install/face_rec/share/face_rec/dataset
copying face_rec/dataset/User.1.9.jpg -> /home/sunrise/doraemon/install/face_rec/share/face_rec/dataset
copying face_rec/dataset/User.1.12.jpg -> /home/sunrise/doraemon/install/face_rec/share/face_rec/dataset
copying face_rec/dataset/User.1.11.jpg -> /home/sunrise/doraemon/install/face_rec/share/face_rec/dataset
copying face_rec/dataset/User.2.23.jpg -> /home/sunrise/doraemon/install/face_rec/share/face_rec/dataset
copying face_rec/dataset/User.1.5.jpg -> /home/sunrise/doraemon/install/face_rec/share/face_rec/dataset
copying face_rec/dataset/User.2.21.jpg -> /home/sunrise/doraemon/install/face_rec/share/face_rec/dataset
copying face_rec/dataset/User.1.16.jpg -> /home/sunrise/doraemon/install/face_rec/share/face_rec/dataset
copying face_rec/dataset/User.1.29.jpg -> /home/sunrise/doraemon/install/face_rec/share/face_rec/dataset
copying face_rec/dataset/User.1.4.jpg -> /home/sunrise/doraemon/install/face_rec/share/face_rec/dataset
copying face_rec/dataset/User.1.10.jpg -> /home/sunrise/doraemon/install/face_rec/share/face_rec/dataset
copying face_rec/dataset/User.2.4.jpg -> /home/sunrise/doraemon/install/face_rec/share/face_rec/dataset
copying face_rec/dataset/User.1.21.jpg -> /home/sunrise/doraemon/install/face_rec/share/face_rec/dataset
copying face_rec/dataset/User.2.7.jpg -> /home/sunrise/doraemon/install/face_rec/share/face_rec/dataset
copying face_rec/dataset/User.1.20.jpg -> /home/sunrise/doraemon/install/face_rec/share/face_rec/dataset
copying face_rec/dataset/User.2.24.jpg -> /home/sunrise/doraemon/install/face_rec/share/face_rec/dataset
copying face_rec/dataset/User.1.8.jpg -> /home/sunrise/doraemon/install/face_rec/share/face_rec/dataset
copying face_rec/dataset/User.2.29.jpg -> /home/sunrise/doraemon/install/face_rec/share/face_rec/dataset
copying face_rec/dataset/User.2.25.jpg -> /home/sunrise/doraemon/install/face_rec/share/face_rec/dataset
copying face_rec/dataset/User.2.20.jpg -> /home/sunrise/doraemon/install/face_rec/share/face_rec/dataset
copying face_rec/dataset/User.2.19.jpg -> /home/sunrise/doraemon/install/face_rec/share/face_rec/dataset
copying face_rec/dataset/User.2.3.jpg -> /home/sunrise/doraemon/install/face_rec/share/face_rec/dataset
copying face_rec/dataset/User.1.1.jpg -> /home/sunrise/doraemon/install/face_rec/share/face_rec/dataset
copying face_rec/dataset/User.1.14.jpg -> /home/sunrise/doraemon/install/face_rec/share/face_rec/dataset
copying face_rec/dataset/User.2.13.jpg -> /home/sunrise/doraemon/install/face_rec/share/face_rec/dataset
copying face_rec/dataset/User.1.26.jpg -> /home/sunrise/doraemon/install/face_rec/share/face_rec/dataset
copying face_rec/dataset/User.2.5.jpg -> /home/sunrise/doraemon/install/face_rec/share/face_rec/dataset
copying face_rec/dataset/User.2.9.jpg -> /home/sunrise/doraemon/install/face_rec/share/face_rec/dataset
copying face_rec/dataset/User.1.22.jpg -> /home/sunrise/doraemon/install/face_rec/share/face_rec/dataset
copying face_rec/dataset/User.1.19.jpg -> /home/sunrise/doraemon/install/face_rec/share/face_rec/dataset
copying face_rec/dataset/User.2.26.jpg -> /home/sunrise/doraemon/install/face_rec/share/face_rec/dataset
copying face_rec/dataset/User.2.22.jpg -> /home/sunrise/doraemon/install/face_rec/share/face_rec/dataset
copying face_rec/dataset/User.1.7.jpg -> /home/sunrise/doraemon/install/face_rec/share/face_rec/dataset
copying face_rec/dataset/User.1.23.jpg -> /home/sunrise/doraemon/install/face_rec/share/face_rec/dataset
copying face_rec/dataset/User.2.15.jpg -> /home/sunrise/doraemon/install/face_rec/share/face_rec/dataset
copying resource/FaceRec -> /home/sunrise/doraemon/install/face_rec/share/ament_index/resource_index/packages
creating /home/sunrise/doraemon/install/face_rec/share/face_rec/launch
copying launch/face_launch.py -> /home/sunrise/doraemon/install/face_rec/share/face_rec/launch
running install_egg_info
Copying ../../build/face_rec/face_rec.egg-info to /home/sunrise/doraemon/install/face_rec/lib/python3.10/site-packages/face_rec-0.0.0-py3.10.egg-info
running install_scripts
Installing face_dataset_node script to /home/sunrise/doraemon/install/face_rec/lib/FaceRec
Installing face_recognition_node script to /home/sunrise/doraemon/install/face_rec/lib/FaceRec
Installing face_training_node script to /home/sunrise/doraemon/install/face_rec/lib/FaceRec
writing list of installed files to '/home/sunrise/doraemon/build/face_rec/install.log'
