[4.020s] Invoking command in '/home/sunrise/doraemon/src/face_rec': PYTHONPATH=/home/sunrise/doraemon/build/face_rec/prefix_override:/usr/lib/python3/dist-packages/colcon_core/task/python/colcon_distutils_commands:/home/sunrise/doraemon/install/face_rec/lib/python3.10/site-packages:${PYTHONPATH} /usr/bin/python3 -W ignore:setup.py install is deprecated setup.py egg_info --egg-base ../../build/face_rec build --build-base /home/sunrise/doraemon/build/face_rec/build install --record /home/sunrise/doraemon/build/face_rec/install.log --single-version-externally-managed install_data
[5.506s] running egg_info
[5.509s] creating ../../build/face_rec/face_rec.egg-info
[5.510s] writing ../../build/face_rec/face_rec.egg-info/PKG-INFO
[5.511s] writing dependency_links to ../../build/face_rec/face_rec.egg-info/dependency_links.txt
[5.512s] writing entry points to ../../build/face_rec/face_rec.egg-info/entry_points.txt
[5.513s] writing requirements to ../../build/face_rec/face_rec.egg-info/requires.txt
[5.513s] writing top-level names to ../../build/face_rec/face_rec.egg-info/top_level.txt
[5.514s] writing manifest file '../../build/face_rec/face_rec.egg-info/SOURCES.txt'
[5.526s] reading manifest file '../../build/face_rec/face_rec.egg-info/SOURCES.txt'
[5.533s] writing manifest file '../../build/face_rec/face_rec.egg-info/SOURCES.txt'
[5.533s] running build
[5.534s] running build_py
[5.534s] creating /home/sunrise/doraemon/build/face_rec/build
[5.535s] creating /home/sunrise/doraemon/build/face_rec/build/lib
[5.535s] creating /home/sunrise/doraemon/build/face_rec/build/lib/face_rec
[5.536s] copying face_rec/face_training_node.py -> /home/sunrise/doraemon/build/face_rec/build/lib/face_rec
[5.536s] copying face_rec/face_recognition_node.py -> /home/sunrise/doraemon/build/face_rec/build/lib/face_rec
[5.537s] copying face_rec/face_dataset_node.py -> /home/sunrise/doraemon/build/face_rec/build/lib/face_rec
[5.538s] copying face_rec/__init__.py -> /home/sunrise/doraemon/build/face_rec/build/lib/face_rec
[5.539s] running install
[5.541s] running install_lib
[5.545s] creating /home/sunrise/doraemon/install/face_rec/lib/python3.10/site-packages/face_rec
[5.546s] copying /home/sunrise/doraemon/build/face_rec/build/lib/face_rec/face_training_node.py -> /home/sunrise/doraemon/install/face_rec/lib/python3.10/site-packages/face_rec
[5.547s] copying /home/sunrise/doraemon/build/face_rec/build/lib/face_rec/face_recognition_node.py -> /home/sunrise/doraemon/install/face_rec/lib/python3.10/site-packages/face_rec
[5.547s] copying /home/sunrise/doraemon/build/face_rec/build/lib/face_rec/face_dataset_node.py -> /home/sunrise/doraemon/install/face_rec/lib/python3.10/site-packages/face_rec
[5.548s] copying /home/sunrise/doraemon/build/face_rec/build/lib/face_rec/__init__.py -> /home/sunrise/doraemon/install/face_rec/lib/python3.10/site-packages/face_rec
[5.550s] byte-compiling /home/sunrise/doraemon/install/face_rec/lib/python3.10/site-packages/face_rec/face_training_node.py to face_training_node.cpython-310.pyc
[5.555s] byte-compiling /home/sunrise/doraemon/install/face_rec/lib/python3.10/site-packages/face_rec/face_recognition_node.py to face_recognition_node.cpython-310.pyc
[5.558s] byte-compiling /home/sunrise/doraemon/install/face_rec/lib/python3.10/site-packages/face_rec/face_dataset_node.py to face_dataset_node.cpython-310.pyc
[5.561s] byte-compiling /home/sunrise/doraemon/install/face_rec/lib/python3.10/site-packages/face_rec/__init__.py to __init__.cpython-310.pyc
[5.562s] running install_data
[5.563s] copying face_rec/haarcascade_frontalface_default.xml -> /home/sunrise/doraemon/install/face_rec/share/face_rec
[5.576s] creating /home/sunrise/doraemon/install/face_rec/share/face_rec/trainer
[5.577s] copying face_rec/trainer/trainer.yml -> /home/sunrise/doraemon/install/face_rec/share/face_rec/trainer
[5.683s] creating /home/sunrise/doraemon/install/face_rec/share/face_rec/dataset
[5.684s] copying face_rec/dataset/User.1.17.jpg -> /home/sunrise/doraemon/install/face_rec/share/face_rec/dataset
[5.685s] copying face_rec/dataset/User.1.18.jpg -> /home/sunrise/doraemon/install/face_rec/share/face_rec/dataset
[5.686s] copying face_rec/dataset/User.2.1.jpg -> /home/sunrise/doraemon/install/face_rec/share/face_rec/dataset
[5.687s] copying face_rec/dataset/User.2.11.jpg -> /home/sunrise/doraemon/install/face_rec/share/face_rec/dataset
[5.688s] copying face_rec/dataset/User.1.2.jpg -> /home/sunrise/doraemon/install/face_rec/share/face_rec/dataset
[5.689s] copying face_rec/dataset/User.2.16.jpg -> /home/sunrise/doraemon/install/face_rec/share/face_rec/dataset
[5.690s] copying face_rec/dataset/User.1.3.jpg -> /home/sunrise/doraemon/install/face_rec/share/face_rec/dataset
[5.691s] copying face_rec/dataset/User.1.28.jpg -> /home/sunrise/doraemon/install/face_rec/share/face_rec/dataset
[5.693s] copying face_rec/dataset/User.2.14.jpg -> /home/sunrise/doraemon/install/face_rec/share/face_rec/dataset
[5.694s] copying face_rec/dataset/User.1.13.jpg -> /home/sunrise/doraemon/install/face_rec/share/face_rec/dataset
[5.695s] copying face_rec/dataset/User.1.25.jpg -> /home/sunrise/doraemon/install/face_rec/share/face_rec/dataset
[5.696s] copying face_rec/dataset/User.2.10.jpg -> /home/sunrise/doraemon/install/face_rec/share/face_rec/dataset
[5.697s] copying face_rec/dataset/User.2.8.jpg -> /home/sunrise/doraemon/install/face_rec/share/face_rec/dataset
[5.698s] copying face_rec/dataset/User.1.30.jpg -> /home/sunrise/doraemon/install/face_rec/share/face_rec/dataset
[5.699s] copying face_rec/dataset/User.2.27.jpg -> /home/sunrise/doraemon/install/face_rec/share/face_rec/dataset
[5.700s] copying face_rec/dataset/User.2.6.jpg -> /home/sunrise/doraemon/install/face_rec/share/face_rec/dataset
[5.701s] copying face_rec/dataset/User.2.18.jpg -> /home/sunrise/doraemon/install/face_rec/share/face_rec/dataset
[5.702s] copying face_rec/dataset/User.2.30.jpg -> /home/sunrise/doraemon/install/face_rec/share/face_rec/dataset
[5.703s] copying face_rec/dataset/User.2.2.jpg -> /home/sunrise/doraemon/install/face_rec/share/face_rec/dataset
[5.704s] copying face_rec/dataset/User.2.12.jpg -> /home/sunrise/doraemon/install/face_rec/share/face_rec/dataset
[5.705s] copying face_rec/dataset/User.1.24.jpg -> /home/sunrise/doraemon/install/face_rec/share/face_rec/dataset
[5.707s] copying face_rec/dataset/User.1.15.jpg -> /home/sunrise/doraemon/install/face_rec/share/face_rec/dataset
[5.708s] copying face_rec/dataset/User.2.28.jpg -> /home/sunrise/doraemon/install/face_rec/share/face_rec/dataset
[5.709s] copying face_rec/dataset/User.2.17.jpg -> /home/sunrise/doraemon/install/face_rec/share/face_rec/dataset
[5.710s] copying face_rec/dataset/User.1.27.jpg -> /home/sunrise/doraemon/install/face_rec/share/face_rec/dataset
[5.711s] copying face_rec/dataset/User.1.6.jpg -> /home/sunrise/doraemon/install/face_rec/share/face_rec/dataset
[5.712s] copying face_rec/dataset/User.1.9.jpg -> /home/sunrise/doraemon/install/face_rec/share/face_rec/dataset
[5.713s] copying face_rec/dataset/User.1.12.jpg -> /home/sunrise/doraemon/install/face_rec/share/face_rec/dataset
[5.714s] copying face_rec/dataset/User.1.11.jpg -> /home/sunrise/doraemon/install/face_rec/share/face_rec/dataset
[5.715s] copying face_rec/dataset/User.2.23.jpg -> /home/sunrise/doraemon/install/face_rec/share/face_rec/dataset
[5.716s] copying face_rec/dataset/User.1.5.jpg -> /home/sunrise/doraemon/install/face_rec/share/face_rec/dataset
[5.717s] copying face_rec/dataset/User.2.21.jpg -> /home/sunrise/doraemon/install/face_rec/share/face_rec/dataset
[5.718s] copying face_rec/dataset/User.1.16.jpg -> /home/sunrise/doraemon/install/face_rec/share/face_rec/dataset
[5.719s] copying face_rec/dataset/User.1.29.jpg -> /home/sunrise/doraemon/install/face_rec/share/face_rec/dataset
[5.720s] copying face_rec/dataset/User.1.4.jpg -> /home/sunrise/doraemon/install/face_rec/share/face_rec/dataset
[5.721s] copying face_rec/dataset/User.1.10.jpg -> /home/sunrise/doraemon/install/face_rec/share/face_rec/dataset
[5.722s] copying face_rec/dataset/User.2.4.jpg -> /home/sunrise/doraemon/install/face_rec/share/face_rec/dataset
[5.723s] copying face_rec/dataset/User.1.21.jpg -> /home/sunrise/doraemon/install/face_rec/share/face_rec/dataset
[5.724s] copying face_rec/dataset/User.2.7.jpg -> /home/sunrise/doraemon/install/face_rec/share/face_rec/dataset
[5.725s] copying face_rec/dataset/User.1.20.jpg -> /home/sunrise/doraemon/install/face_rec/share/face_rec/dataset
[5.726s] copying face_rec/dataset/User.2.24.jpg -> /home/sunrise/doraemon/install/face_rec/share/face_rec/dataset
[5.728s] copying face_rec/dataset/User.1.8.jpg -> /home/sunrise/doraemon/install/face_rec/share/face_rec/dataset
[5.729s] copying face_rec/dataset/User.2.29.jpg -> /home/sunrise/doraemon/install/face_rec/share/face_rec/dataset
[5.730s] copying face_rec/dataset/User.2.25.jpg -> /home/sunrise/doraemon/install/face_rec/share/face_rec/dataset
[5.731s] copying face_rec/dataset/User.2.20.jpg -> /home/sunrise/doraemon/install/face_rec/share/face_rec/dataset
[5.732s] copying face_rec/dataset/User.2.19.jpg -> /home/sunrise/doraemon/install/face_rec/share/face_rec/dataset
[5.733s] copying face_rec/dataset/User.2.3.jpg -> /home/sunrise/doraemon/install/face_rec/share/face_rec/dataset
[5.734s] copying face_rec/dataset/User.1.1.jpg -> /home/sunrise/doraemon/install/face_rec/share/face_rec/dataset
[5.735s] copying face_rec/dataset/User.1.14.jpg -> /home/sunrise/doraemon/install/face_rec/share/face_rec/dataset
[5.736s] copying face_rec/dataset/User.2.13.jpg -> /home/sunrise/doraemon/install/face_rec/share/face_rec/dataset
[5.737s] copying face_rec/dataset/User.1.26.jpg -> /home/sunrise/doraemon/install/face_rec/share/face_rec/dataset
[5.739s] copying face_rec/dataset/User.2.5.jpg -> /home/sunrise/doraemon/install/face_rec/share/face_rec/dataset
[5.740s] copying face_rec/dataset/User.2.9.jpg -> /home/sunrise/doraemon/install/face_rec/share/face_rec/dataset
[5.741s] copying face_rec/dataset/User.1.22.jpg -> /home/sunrise/doraemon/install/face_rec/share/face_rec/dataset
[5.742s] copying face_rec/dataset/User.1.19.jpg -> /home/sunrise/doraemon/install/face_rec/share/face_rec/dataset
[5.743s] copying face_rec/dataset/User.2.26.jpg -> /home/sunrise/doraemon/install/face_rec/share/face_rec/dataset
[5.744s] copying face_rec/dataset/User.2.22.jpg -> /home/sunrise/doraemon/install/face_rec/share/face_rec/dataset
[5.745s] copying face_rec/dataset/User.1.7.jpg -> /home/sunrise/doraemon/install/face_rec/share/face_rec/dataset
[5.746s] copying face_rec/dataset/User.1.23.jpg -> /home/sunrise/doraemon/install/face_rec/share/face_rec/dataset
[5.747s] copying face_rec/dataset/User.2.15.jpg -> /home/sunrise/doraemon/install/face_rec/share/face_rec/dataset
[5.748s] copying resource/FaceRec -> /home/sunrise/doraemon/install/face_rec/share/ament_index/resource_index/packages
[5.749s] creating /home/sunrise/doraemon/install/face_rec/share/face_rec/launch
[5.749s] copying launch/face_launch.py -> /home/sunrise/doraemon/install/face_rec/share/face_rec/launch
[5.750s] running install_egg_info
[5.760s] Copying ../../build/face_rec/face_rec.egg-info to /home/sunrise/doraemon/install/face_rec/lib/python3.10/site-packages/face_rec-0.0.0-py3.10.egg-info
[5.765s] running install_scripts
[5.882s] Installing face_dataset_node script to /home/sunrise/doraemon/install/face_rec/lib/FaceRec
[5.883s] Installing face_recognition_node script to /home/sunrise/doraemon/install/face_rec/lib/FaceRec
[5.883s] Installing face_training_node script to /home/sunrise/doraemon/install/face_rec/lib/FaceRec
[5.885s] writing list of installed files to '/home/sunrise/doraemon/build/face_rec/install.log'
[6.088s] Invoked command in '/home/sunrise/doraemon/src/face_rec' returned '0': PYTHONPATH=/home/sunrise/doraemon/build/face_rec/prefix_override:/usr/lib/python3/dist-packages/colcon_core/task/python/colcon_distutils_commands:/home/sunrise/doraemon/install/face_rec/lib/python3.10/site-packages:${PYTHONPATH} /usr/bin/python3 -W ignore:setup.py install is deprecated setup.py egg_info --egg-base ../../build/face_rec build --build-base /home/sunrise/doraemon/build/face_rec/build install --record /home/sunrise/doraemon/build/face_rec/install.log --single-version-externally-managed install_data
